# JRE version: OpenJDK Runtime Environment Temurin-21.0.7+6 (21.0.7+6) (build 21.0.7+6-LTS)
# Java VM: OpenJDK 64-Bit Server VM Temurin-21.0.7+6 (21.0.7+6-LTS, mixed mode, sharing, tiered, compressed oops, compressed class ptrs, parallel gc, windows-amd64)
GC Precious Log:
 CardTable entry size: 512
 CPUs: 12 total, 12 available
 Memory: 7521M
 Large Page Support: Disabled
 NUMA Support: Disabled
 Compressed Oops: Enabled (32-bit)
 Alignments: Space 512K, Generation 512K, Heap 2M
 Heap Min Capacity: 100M
 Heap Initial Capacity: 100M
 Heap Max Capacity: 1G
 Pre-touch: Disabled
 Parallel Workers: 10
Heap:
 PSYoungGen      total 10752K, used 2218K [0x00000000eab00000, 0x00000000ebc80000, 0x0000000100000000)
  eden space 8704K, 1% used [0x00000000eab00000,0x00000000eab2b160,0x00000000eb380000)
  from space 2048K, 99% used [0x00000000eb380000,0x00000000eb57f890,0x00000000eb580000)
  to   space 4608K, 0% used [0x00000000eb800000,0x00000000eb800000,0x00000000ebc80000)
 ParOldGen       total 179712K, used 179672K [0x00000000c0000000, 0x00000000caf80000, 0x00000000eab00000)
  object space 179712K, 99% used [0x00000000c0000000,0x00000000caf76340,0x00000000caf80000)
 Metaspace       used 54891K, committed 56320K, reserved 1114112K
  class space    used 5823K, committed 6464K, reserved 1048576K
GC Heap History (20 events):
Event: 4.691 GC heap after
{Heap after GC invocations=64 (full 2):
 PSYoungGen      total 14848K, used 2698K [0x00000000eab00000, 0x00000000ebc80000, 0x0000000100000000)
  eden space 11776K, 0% used [0x00000000eab00000,0x00000000eab00000,0x00000000eb680000)
  from space 3072K, 87% used [0x00000000eb980000,0x00000000ebc22aa0,0x00000000ebc80000)
  to   space 3072K, 0% used [0x00000000eb680000,0x00000000eb680000,0x00000000eb980000)
 ParOldGen       total 155648K, used 155145K [0x00000000c0000000, 0x00000000c9800000, 0x00000000eab00000)
  object space 155648K, 99% used [0x00000000c0000000,0x00000000c9782710,0x00000000c9800000)
 Metaspace       used 54699K, committed 56128K, reserved 1114112K
  class space    used 5820K, committed 6464K, reserved 1048576K
}
Event: 4.715 GC heap before
{Heap before GC invocations=65 (full 2):
 PSYoungGen      total 14848K, used 14474K [0x00000000eab00000, 0x00000000ebc80000, 0x0000000100000000)
  eden space 11776K, 100% used [0x00000000eab00000,0x00000000eb680000,0x00000000eb680000)
  from space 3072K, 87% used [0x00000000eb980000,0x00000000ebc22aa0,0x00000000ebc80000)
  to   space 3072K, 0% used [0x00000000eb680000,0x00000000eb680000,0x00000000eb980000)
 ParOldGen       total 155648K, used 155145K [0x00000000c0000000, 0x00000000c9800000, 0x00000000eab00000)
  object space 155648K, 99% used [0x00000000c0000000,0x00000000c9782710,0x00000000c9800000)
 Metaspace       used 54711K, committed 56128K, reserved 1114112K
  class space    used 5820K, committed 6464K, reserved 1048576K
}
Event: 4.718 GC heap after
{Heap after GC invocations=65 (full 2):
 PSYoungGen      total 14848K, used 2646K [0x00000000eab00000, 0x00000000ebc80000, 0x0000000100000000)
  eden space 11776K, 0% used [0x00000000eab00000,0x00000000eab00000,0x00000000eb680000)
  from space 3072K, 86% used [0x00000000eb680000,0x00000000eb915a18,0x00000000eb980000)
  to   space 3072K, 0% used [0x00000000eb980000,0x00000000eb980000,0x00000000ebc80000)
 ParOldGen       total 157696K, used 157634K [0x00000000c0000000, 0x00000000c9a00000, 0x00000000eab00000)
  object space 157696K, 99% used [0x00000000c0000000,0x00000000c99f08a0,0x00000000c9a00000)
 Metaspace       used 54711K, committed 56128K, reserved 1114112K
  class space    used 5820K, committed 6464K, reserved 1048576K
}
Event: 4.750 GC heap before
{Heap before GC invocations=66 (full 2):
 PSYoungGen      total 14848K, used 14422K [0x00000000eab00000, 0x00000000ebc80000, 0x0000000100000000)
  eden space 11776K, 100% used [0x00000000eab00000,0x00000000eb680000,0x00000000eb680000)
  from space 3072K, 86% used [0x00000000eb680000,0x00000000eb915a18,0x00000000eb980000)
  to   space 3072K, 0% used [0x00000000eb980000,0x00000000eb980000,0x00000000ebc80000)
 ParOldGen       total 157696K, used 157634K [0x00000000c0000000, 0x00000000c9a00000, 0x00000000eab00000)
  object space 157696K, 99% used [0x00000000c0000000,0x00000000c99f08a0,0x00000000c9a00000)
 Metaspace       used 54733K, committed 56192K, reserved 1114112K
  class space    used 5821K, committed 6464K, reserved 1048576K
}
Event: 4.754 GC heap after
{Heap after GC invocations=66 (full 2):
 PSYoungGen      total 14848K, used 2807K [0x00000000eab00000, 0x00000000ebc80000, 0x0000000100000000)
  eden space 11776K, 0% used [0x00000000eab00000,0x00000000eab00000,0x00000000eb680000)
  from space 3072K, 91% used [0x00000000eb980000,0x00000000ebc3dd50,0x00000000ebc80000)
  to   space 3072K, 0% used [0x00000000eb680000,0x00000000eb680000,0x00000000eb980000)
 ParOldGen       total 160256K, used 160064K [0x00000000c0000000, 0x00000000c9c80000, 0x00000000eab00000)
  object space 160256K, 99% used [0x00000000c0000000,0x00000000c9c50378,0x00000000c9c80000)
 Metaspace       used 54733K, committed 56192K, reserved 1114112K
  class space    used 5821K, committed 6464K, reserved 1048576K
}
Event: 4.791 GC heap before
{Heap before GC invocations=67 (full 2):
 PSYoungGen      total 14848K, used 14583K [0x00000000eab00000, 0x00000000ebc80000, 0x0000000100000000)
  eden space 11776K, 100% used [0x00000000eab00000,0x00000000eb680000,0x00000000eb680000)
  from space 3072K, 91% used [0x00000000eb980000,0x00000000ebc3dd50,0x00000000ebc80000)
  to   space 3072K, 0% used [0x00000000eb680000,0x00000000eb680000,0x00000000eb980000)
 ParOldGen       total 160256K, used 160064K [0x00000000c0000000, 0x00000000c9c80000, 0x00000000eab00000)
  object space 160256K, 99% used [0x00000000c0000000,0x00000000c9c50378,0x00000000c9c80000)
 Metaspace       used 54741K, committed 56192K, reserved 1114112K
  class space    used 5821K, committed 6464K, reserved 1048576K
}
Event: 4.794 GC heap after
{Heap after GC invocations=67 (full 2):
 PSYoungGen      total 14848K, used 2846K [0x00000000eab00000, 0x00000000ebc80000, 0x0000000100000000)
  eden space 11776K, 0% used [0x00000000eab00000,0x00000000eab00000,0x00000000eb680000)
  from space 3072K, 92% used [0x00000000eb680000,0x00000000eb9479e8,0x00000000eb980000)
  to   space 3072K, 0% used [0x00000000eb980000,0x00000000eb980000,0x00000000ebc80000)
 ParOldGen       total 162816K, used 162645K [0x00000000c0000000, 0x00000000c9f00000, 0x00000000eab00000)
  object space 162816K, 99% used [0x00000000c0000000,0x00000000c9ed5630,0x00000000c9f00000)
 Metaspace       used 54741K, committed 56192K, reserved 1114112K
  class space    used 5821K, committed 6464K, reserved 1048576K
}
Event: 4.827 GC heap before
{Heap before GC invocations=68 (full 2):
 PSYoungGen      total 14848K, used 14622K [0x00000000eab00000, 0x00000000ebc80000, 0x0000000100000000)
  eden space 11776K, 100% used [0x00000000eab00000,0x00000000eb680000,0x00000000eb680000)
  from space 3072K, 92% used [0x00000000eb680000,0x00000000eb9479e8,0x00000000eb980000)
  to   space 3072K, 0% used [0x00000000eb980000,0x00000000eb980000,0x00000000ebc80000)
 ParOldGen       total 162816K, used 162645K [0x00000000c0000000, 0x00000000c9f00000, 0x00000000eab00000)
  object space 162816K, 99% used [0x00000000c0000000,0x00000000c9ed5630,0x00000000c9f00000)
 Metaspace       used 54748K, committed 56192K, reserved 1114112K
  class space    used 5821K, committed 6464K, reserved 1048576K
}
Event: 4.831 GC heap after
{Heap after GC invocations=68 (full 2):
 PSYoungGen      total 14848K, used 2587K [0x00000000eab00000, 0x00000000ebc80000, 0x0000000100000000)
  eden space 11776K, 0% used [0x00000000eab00000,0x00000000eab00000,0x00000000eb680000)
  from space 3072K, 84% used [0x00000000eb980000,0x00000000ebc06e38,0x00000000ebc80000)
  to   space 3072K, 0% used [0x00000000eb680000,0x00000000eb680000,0x00000000eb980000)
 ParOldGen       total 165376K, used 165335K [0x00000000c0000000, 0x00000000ca180000, 0x00000000eab00000)
  object space 165376K, 99% used [0x00000000c0000000,0x00000000ca175c70,0x00000000ca180000)
 Metaspace       used 54748K, committed 56192K, reserved 1114112K
  class space    used 5821K, committed 6464K, reserved 1048576K
}
Event: 4.874 GC heap before
{Heap before GC invocations=69 (full 2):
 PSYoungGen      total 14848K, used 14363K [0x00000000eab00000, 0x00000000ebc80000, 0x0000000100000000)
  eden space 11776K, 100% used [0x00000000eab00000,0x00000000eb680000,0x00000000eb680000)
  from space 3072K, 84% used [0x00000000eb980000,0x00000000ebc06e38,0x00000000ebc80000)
  to   space 3072K, 0% used [0x00000000eb680000,0x00000000eb680000,0x00000000eb980000)
 ParOldGen       total 165376K, used 165335K [0x00000000c0000000, 0x00000000ca180000, 0x00000000eab00000)
  object space 165376K, 99% used [0x00000000c0000000,0x00000000ca175c70,0x00000000ca180000)
 Metaspace       used 54777K, committed 56192K, reserved 1114112K
  class space    used 5821K, committed 6464K, reserved 1048576K
}
Event: 4.878 GC heap after
{Heap after GC invocations=69 (full 2):
 PSYoungGen      total 14336K, used 2411K [0x00000000eab00000, 0x00000000ebb80000, 0x0000000100000000)
  eden space 11776K, 0% used [0x00000000eab00000,0x00000000eab00000,0x00000000eb680000)
  from space 2560K, 94% used [0x00000000eb680000,0x00000000eb8dad18,0x00000000eb900000)
  to   space 2560K, 0% used [0x00000000eb900000,0x00000000eb900000,0x00000000ebb80000)
 ParOldGen       total 167936K, used 167700K [0x00000000c0000000, 0x00000000ca400000, 0x00000000eab00000)
  object space 167936K, 99% used [0x00000000c0000000,0x00000000ca3c5220,0x00000000ca400000)
 Metaspace       used 54777K, committed 56192K, reserved 1114112K
  class space    used 5821K, committed 6464K, reserved 1048576K
}
Event: 4.906 GC heap before
{Heap before GC invocations=70 (full 2):
 PSYoungGen      total 14336K, used 14187K [0x00000000eab00000, 0x00000000ebb80000, 0x0000000100000000)
  eden space 11776K, 100% used [0x00000000eab00000,0x00000000eb680000,0x00000000eb680000)
  from space 2560K, 94% used [0x00000000eb680000,0x00000000eb8dad18,0x00000000eb900000)
  to   space 2560K, 0% used [0x00000000eb900000,0x00000000eb900000,0x00000000ebb80000)
 ParOldGen       total 167936K, used 167700K [0x00000000c0000000, 0x00000000ca400000, 0x00000000eab00000)
  object space 167936K, 99% used [0x00000000c0000000,0x00000000ca3c5220,0x00000000ca400000)
 Metaspace       used 54788K, committed 56192K, reserved 1114112K
  class space    used 5821K, committed 6464K, reserved 1048576K
}
Event: 4.909 GC heap after
{Heap after GC invocations=70 (full 2):
 PSYoungGen      total 11264K, used 2557K [0x00000000eab00000, 0x00000000ec180000, 0x0000000100000000)
  eden space 8704K, 0% used [0x00000000eab00000,0x00000000eab00000,0x00000000eb380000)
  from space 2560K, 99% used [0x00000000eb900000,0x00000000ebb7f450,0x00000000ebb80000)
  to   space 5632K, 0% used [0x00000000eb380000,0x00000000eb380000,0x00000000eb900000)
 ParOldGen       total 170496K, used 169991K [0x00000000c0000000, 0x00000000ca680000, 0x00000000eab00000)
  object space 170496K, 99% used [0x00000000c0000000,0x00000000ca601c80,0x00000000ca680000)
 Metaspace       used 54788K, committed 56192K, reserved 1114112K
  class space    used 5821K, committed 6464K, reserved 1048576K
}
Event: 4.935 GC heap before
{Heap before GC invocations=71 (full 2):
 PSYoungGen      total 11264K, used 11261K [0x00000000eab00000, 0x00000000ec180000, 0x0000000100000000)
  eden space 8704K, 100% used [0x00000000eab00000,0x00000000eb380000,0x00000000eb380000)
  from space 2560K, 99% used [0x00000000eb900000,0x00000000ebb7f450,0x00000000ebb80000)
  to   space 5632K, 0% used [0x00000000eb380000,0x00000000eb380000,0x00000000eb900000)
 ParOldGen       total 170496K, used 169991K [0x00000000c0000000, 0x00000000ca680000, 0x00000000eab00000)
  object space 170496K, 99% used [0x00000000c0000000,0x00000000ca601c80,0x00000000ca680000)
 Metaspace       used 54819K, committed 56256K, reserved 1114112K
  class space    used 5821K, committed 6464K, reserved 1048576K
}
Event: 4.938 GC heap after
{Heap after GC invocations=71 (full 2):
 PSYoungGen      total 10752K, used 1849K [0x00000000eab00000, 0x00000000eb980000, 0x0000000100000000)
  eden space 8704K, 0% used [0x00000000eab00000,0x00000000eab00000,0x00000000eb380000)
  from space 2048K, 90% used [0x00000000eb380000,0x00000000eb54e6d0,0x00000000eb580000)
  to   space 3072K, 0% used [0x00000000eb680000,0x00000000eb680000,0x00000000eb980000)
 ParOldGen       total 172544K, used 172351K [0x00000000c0000000, 0x00000000ca880000, 0x00000000eab00000)
  object space 172544K, 99% used [0x00000000c0000000,0x00000000ca84fda8,0x00000000ca880000)
 Metaspace       used 54819K, committed 56256K, reserved 1114112K
  class space    used 5821K, committed 6464K, reserved 1048576K
}
Event: 4.995 GC heap before
{Heap before GC invocations=72 (full 2):
 PSYoungGen      total 10752K, used 10553K [0x00000000eab00000, 0x00000000eb980000, 0x0000000100000000)
  eden space 8704K, 100% used [0x00000000eab00000,0x00000000eb380000,0x00000000eb380000)
  from space 2048K, 90% used [0x00000000eb380000,0x00000000eb54e6d0,0x00000000eb580000)
  to   space 3072K, 0% used [0x00000000eb680000,0x00000000eb680000,0x00000000eb980000)
 ParOldGen       total 172544K, used 172351K [0x00000000c0000000, 0x00000000ca880000, 0x00000000eab00000)
  object space 172544K, 99% used [0x00000000c0000000,0x00000000ca84fda8,0x00000000ca880000)
 Metaspace       used 54860K, committed 56256K, reserved 1114112K
  class space    used 5822K, committed 6464K, reserved 1048576K
}
Event: 4.998 GC heap after
{Heap after GC invocations=72 (full 2):
 PSYoungGen      total 10752K, used 1739K [0x00000000eab00000, 0x00000000eb880000, 0x0000000100000000)
  eden space 8704K, 0% used [0x00000000eab00000,0x00000000eab00000,0x00000000eb380000)
  from space 2048K, 84% used [0x00000000eb680000,0x00000000eb832cd0,0x00000000eb880000)
  to   space 2048K, 0% used [0x00000000eb380000,0x00000000eb380000,0x00000000eb580000)
 ParOldGen       total 174080K, used 174060K [0x00000000c0000000, 0x00000000caa00000, 0x00000000eab00000)
  object space 174080K, 99% used [0x00000000c0000000,0x00000000ca9fb318,0x00000000caa00000)
 Metaspace       used 54860K, committed 56256K, reserved 1114112K
  class space    used 5822K, committed 6464K, reserved 1048576K
}
Event: 5.026 GC heap before
{Heap before GC invocations=73 (full 2):
 PSYoungGen      total 10752K, used 10443K [0x00000000eab00000, 0x00000000eb880000, 0x0000000100000000)
  eden space 8704K, 100% used [0x00000000eab00000,0x00000000eb380000,0x00000000eb380000)
  from space 2048K, 84% used [0x00000000eb680000,0x00000000eb832cd0,0x00000000eb880000)
  to   space 2048K, 0% used [0x00000000eb380000,0x00000000eb380000,0x00000000eb580000)
 ParOldGen       total 174080K, used 174060K [0x00000000c0000000, 0x00000000caa00000, 0x00000000eab00000)
  object space 174080K, 99% used [0x00000000c0000000,0x00000000ca9fb318,0x00000000caa00000)
 Metaspace       used 54863K, committed 56256K, reserved 1114112K
  class space    used 5822K, committed 6464K, reserved 1048576K
}
Event: 5.028 GC heap after
{Heap after GC invocations=73 (full 2):
 PSYoungGen      total 10752K, used 1990K [0x00000000eab00000, 0x00000000eb780000, 0x0000000100000000)
  eden space 8704K, 0% used [0x00000000eab00000,0x00000000eab00000,0x00000000eb380000)
  from space 2048K, 97% used [0x00000000eb380000,0x00000000eb571a58,0x00000000eb580000)
  to   space 2048K, 0% used [0x00000000eb580000,0x00000000eb580000,0x00000000eb780000)
 ParOldGen       total 176128K, used 175637K [0x00000000c0000000, 0x00000000cac00000, 0x00000000eab00000)
  object space 176128K, 99% used [0x00000000c0000000,0x00000000cab85450,0x00000000cac00000)
 Metaspace       used 54863K, committed 56256K, reserved 1114112K
  class space    used 5822K, committed 6464K, reserved 1048576K
}
Event: 5.060 GC heap before
{Heap before GC invocations=74 (full 2):
 PSYoungGen      total 10752K, used 10694K [0x00000000eab00000, 0x00000000eb780000, 0x0000000100000000)
  eden space 8704K, 100% used [0x00000000eab00000,0x00000000eb380000,0x00000000eb380000)
  from space 2048K, 97% used [0x00000000eb380000,0x00000000eb571a58,0x00000000eb580000)
  to   space 2048K, 0% used [0x00000000eb580000,0x00000000eb580000,0x00000000eb780000)
 ParOldGen       total 176128K, used 175637K [0x00000000c0000000, 0x00000000cac00000, 0x00000000eab00000)
  object space 176128K, 99% used [0x00000000c0000000,0x00000000cab85450,0x00000000cac00000)
 Metaspace       used 54872K, committed 56320K, reserved 1114112K
  class space    used 5823K, committed 6464K, reserved 1048576K
}

