# JRE version: OpenJDK Runtime Environment Temurin-21.0.7+6 (21.0.7+6) (build 21.0.7+6-LTS)
# Java VM: OpenJDK 64-Bit Server VM Temurin-21.0.7+6 (21.0.7+6-LTS, mixed mode, sharing, tiered, compressed oops, compressed class ptrs, parallel gc, windows-amd64)
GC Precious Log:
 CardTable entry size: 512
 CPUs: 12 total, 12 available
 Memory: 7521M
 Large Page Support: Disabled
 NUMA Support: Disabled
 Compressed Oops: Enabled (32-bit)
 Alignments: Space 512K, Generation 512K, Heap 2M
 Heap Min Capacity: 100M
 Heap Initial Capacity: 100M
 Heap Max Capacity: 1G
 Pre-touch: Disabled
 Parallel Workers: 10
Heap:
 PSYoungGen      total 12288K, used 10247K [0x00000000eab00000, 0x00000000eba00000, 0x0000000100000000)
  eden space 8192K, 100% used [0x00000000eab00000,0x00000000eb300000,0x00000000eb300000)
  from space 4096K, 50% used [0x00000000eb300000,0x00000000eb501c08,0x00000000eb700000)
  to   space 2560K, 62% used [0x00000000eb780000,0x00000000eb90eda8,0x00000000eba00000)
 ParOldGen       total 252928K, used 252926K [0x00000000c0000000, 0x00000000cf700000, 0x00000000eab00000)
  object space 252928K, 99% used [0x00000000c0000000,0x00000000cf6ffac0,0x00000000cf700000)
 Metaspace       used 56142K, committed 57600K, reserved 1114112K
  class space    used 5942K, committed 6592K, reserved 1048576K
GC Heap History (20 events):
Event: 8.873 GC heap after
{Heap after GC invocations=235 (full 2):
 PSYoungGen      total 6656K, used 1233K [0x00000000eab00000, 0x00000000eb400000, 0x0000000100000000)
  eden space 5120K, 0% used [0x00000000eab00000,0x00000000eab00000,0x00000000eb000000)
  from space 1536K, 80% used [0x00000000eb000000,0x00000000eb1344e0,0x00000000eb180000)
  to   space 1536K, 0% used [0x00000000eb280000,0x00000000eb280000,0x00000000eb400000)
 ParOldGen       total 237056K, used 236964K [0x00000000c0000000, 0x00000000ce780000, 0x00000000eab00000)
  object space 237056K, 99% used [0x00000000c0000000,0x00000000ce769280,0x00000000ce780000)
 Metaspace       used 55635K, committed 57024K, reserved 1114112K
  class space    used 5877K, committed 6528K, reserved 1048576K
}
Event: 8.883 GC heap before
{Heap before GC invocations=236 (full 2):
 PSYoungGen      total 6656K, used 6353K [0x00000000eab00000, 0x00000000eb400000, 0x0000000100000000)
  eden space 5120K, 100% used [0x00000000eab00000,0x00000000eb000000,0x00000000eb000000)
  from space 1536K, 80% used [0x00000000eb000000,0x00000000eb1344e0,0x00000000eb180000)
  to   space 1536K, 0% used [0x00000000eb280000,0x00000000eb280000,0x00000000eb400000)
 ParOldGen       total 237056K, used 236964K [0x00000000c0000000, 0x00000000ce780000, 0x00000000eab00000)
  object space 237056K, 99% used [0x00000000c0000000,0x00000000ce769280,0x00000000ce780000)
 Metaspace       used 55652K, committed 57024K, reserved 1114112K
  class space    used 5877K, committed 6528K, reserved 1048576K
}
Event: 8.885 GC heap after
{Heap after GC invocations=236 (full 2):
 PSYoungGen      total 7680K, used 1226K [0x00000000eab00000, 0x00000000eb400000, 0x0000000100000000)
  eden space 6144K, 0% used [0x00000000eab00000,0x00000000eab00000,0x00000000eb100000)
  from space 1536K, 79% used [0x00000000eb280000,0x00000000eb3b2820,0x00000000eb400000)
  to   space 1536K, 0% used [0x00000000eb100000,0x00000000eb100000,0x00000000eb280000)
 ParOldGen       total 238080K, used 238047K [0x00000000c0000000, 0x00000000ce880000, 0x00000000eab00000)
  object space 238080K, 99% used [0x00000000c0000000,0x00000000ce877c90,0x00000000ce880000)
 Metaspace       used 55652K, committed 57024K, reserved 1114112K
  class space    used 5877K, committed 6528K, reserved 1048576K
}
Event: 8.900 GC heap before
{Heap before GC invocations=237 (full 2):
 PSYoungGen      total 7680K, used 7370K [0x00000000eab00000, 0x00000000eb400000, 0x0000000100000000)
  eden space 6144K, 100% used [0x00000000eab00000,0x00000000eb100000,0x00000000eb100000)
  from space 1536K, 79% used [0x00000000eb280000,0x00000000eb3b2820,0x00000000eb400000)
  to   space 1536K, 0% used [0x00000000eb100000,0x00000000eb100000,0x00000000eb280000)
 ParOldGen       total 238080K, used 238047K [0x00000000c0000000, 0x00000000ce880000, 0x00000000eab00000)
  object space 238080K, 99% used [0x00000000c0000000,0x00000000ce877c90,0x00000000ce880000)
 Metaspace       used 55669K, committed 57024K, reserved 1114112K
  class space    used 5877K, committed 6528K, reserved 1048576K
}
Event: 8.902 GC heap after
{Heap after GC invocations=237 (full 2):
 PSYoungGen      total 7680K, used 1509K [0x00000000eab00000, 0x00000000eb880000, 0x0000000100000000)
  eden space 6144K, 0% used [0x00000000eab00000,0x00000000eab00000,0x00000000eb100000)
  from space 1536K, 98% used [0x00000000eb100000,0x00000000eb279490,0x00000000eb280000)
  to   space 3072K, 0% used [0x00000000eb580000,0x00000000eb580000,0x00000000eb880000)
 ParOldGen       total 239616K, used 239130K [0x00000000c0000000, 0x00000000cea00000, 0x00000000eab00000)
  object space 239616K, 99% used [0x00000000c0000000,0x00000000ce9868e8,0x00000000cea00000)
 Metaspace       used 55669K, committed 57024K, reserved 1114112K
  class space    used 5877K, committed 6528K, reserved 1048576K
}
Event: 8.917 GC heap before
{Heap before GC invocations=238 (full 2):
 PSYoungGen      total 7680K, used 7653K [0x00000000eab00000, 0x00000000eb880000, 0x0000000100000000)
  eden space 6144K, 100% used [0x00000000eab00000,0x00000000eb100000,0x00000000eb100000)
  from space 1536K, 98% used [0x00000000eb100000,0x00000000eb279490,0x00000000eb280000)
  to   space 3072K, 0% used [0x00000000eb580000,0x00000000eb580000,0x00000000eb880000)
 ParOldGen       total 239616K, used 239130K [0x00000000c0000000, 0x00000000cea00000, 0x00000000eab00000)
  object space 239616K, 99% used [0x00000000c0000000,0x00000000ce9868e8,0x00000000cea00000)
 Metaspace       used 55673K, committed 57088K, reserved 1114112K
  class space    used 5877K, committed 6528K, reserved 1048576K
}
Event: 8.919 GC heap after
{Heap after GC invocations=238 (full 2):
 PSYoungGen      total 7680K, used 1428K [0x00000000eab00000, 0x00000000eb700000, 0x0000000100000000)
  eden space 6144K, 0% used [0x00000000eab00000,0x00000000eab00000,0x00000000eb100000)
  from space 1536K, 92% used [0x00000000eb580000,0x00000000eb6e5140,0x00000000eb700000)
  to   space 2048K, 0% used [0x00000000eb300000,0x00000000eb300000,0x00000000eb500000)
 ParOldGen       total 240640K, used 240537K [0x00000000c0000000, 0x00000000ceb00000, 0x00000000eab00000)
  object space 240640K, 99% used [0x00000000c0000000,0x00000000ceae64b8,0x00000000ceb00000)
 Metaspace       used 55673K, committed 57088K, reserved 1114112K
  class space    used 5877K, committed 6528K, reserved 1048576K
}
Event: 8.933 GC heap before
{Heap before GC invocations=239 (full 2):
 PSYoungGen      total 7680K, used 7572K [0x00000000eab00000, 0x00000000eb700000, 0x0000000100000000)
  eden space 6144K, 100% used [0x00000000eab00000,0x00000000eb100000,0x00000000eb100000)
  from space 1536K, 92% used [0x00000000eb580000,0x00000000eb6e5140,0x00000000eb700000)
  to   space 2048K, 0% used [0x00000000eb300000,0x00000000eb300000,0x00000000eb500000)
 ParOldGen       total 240640K, used 240537K [0x00000000c0000000, 0x00000000ceb00000, 0x00000000eab00000)
  object space 240640K, 99% used [0x00000000c0000000,0x00000000ceae64b8,0x00000000ceb00000)
 Metaspace       used 55712K, committed 57152K, reserved 1114112K
  class space    used 5885K, committed 6528K, reserved 1048576K
}
Event: 8.935 GC heap after
{Heap after GC invocations=239 (full 2):
 PSYoungGen      total 7680K, used 1465K [0x00000000eab00000, 0x00000000eb600000, 0x0000000100000000)
  eden space 6144K, 0% used [0x00000000eab00000,0x00000000eab00000,0x00000000eb100000)
  from space 1536K, 95% used [0x00000000eb300000,0x00000000eb46e7e0,0x00000000eb480000)
  to   space 1536K, 0% used [0x00000000eb480000,0x00000000eb480000,0x00000000eb600000)
 ParOldGen       total 242176K, used 241881K [0x00000000c0000000, 0x00000000cec80000, 0x00000000eab00000)
  object space 242176K, 99% used [0x00000000c0000000,0x00000000cec36448,0x00000000cec80000)
 Metaspace       used 55712K, committed 57152K, reserved 1114112K
  class space    used 5885K, committed 6528K, reserved 1048576K
}
Event: 8.945 GC heap before
{Heap before GC invocations=240 (full 2):
 PSYoungGen      total 7680K, used 7609K [0x00000000eab00000, 0x00000000eb600000, 0x0000000100000000)
  eden space 6144K, 100% used [0x00000000eab00000,0x00000000eb100000,0x00000000eb100000)
  from space 1536K, 95% used [0x00000000eb300000,0x00000000eb46e7e0,0x00000000eb480000)
  to   space 1536K, 0% used [0x00000000eb480000,0x00000000eb480000,0x00000000eb600000)
 ParOldGen       total 242176K, used 241881K [0x00000000c0000000, 0x00000000cec80000, 0x00000000eab00000)
  object space 242176K, 99% used [0x00000000c0000000,0x00000000cec36448,0x00000000cec80000)
 Metaspace       used 55791K, committed 57216K, reserved 1114112K
  class space    used 5895K, committed 6528K, reserved 1048576K
}
Event: 8.949 GC heap after
{Heap after GC invocations=240 (full 2):
 PSYoungGen      total 9216K, used 1473K [0x00000000eab00000, 0x00000000eb600000, 0x0000000100000000)
  eden space 7680K, 0% used [0x00000000eab00000,0x00000000eab00000,0x00000000eb280000)
  from space 1536K, 95% used [0x00000000eb480000,0x00000000eb5f07d0,0x00000000eb600000)
  to   space 1536K, 0% used [0x00000000eb300000,0x00000000eb300000,0x00000000eb480000)
 ParOldGen       total 243712K, used 243253K [0x00000000c0000000, 0x00000000cee00000, 0x00000000eab00000)
  object space 243712K, 99% used [0x00000000c0000000,0x00000000ced8d530,0x00000000cee00000)
 Metaspace       used 55791K, committed 57216K, reserved 1114112K
  class space    used 5895K, committed 6528K, reserved 1048576K
}
Event: 8.963 GC heap before
{Heap before GC invocations=241 (full 2):
 PSYoungGen      total 9216K, used 9153K [0x00000000eab00000, 0x00000000eb600000, 0x0000000100000000)
  eden space 7680K, 100% used [0x00000000eab00000,0x00000000eb280000,0x00000000eb280000)
  from space 1536K, 95% used [0x00000000eb480000,0x00000000eb5f07d0,0x00000000eb600000)
  to   space 1536K, 0% used [0x00000000eb300000,0x00000000eb300000,0x00000000eb480000)
 ParOldGen       total 243712K, used 243253K [0x00000000c0000000, 0x00000000cee00000, 0x00000000eab00000)
  object space 243712K, 99% used [0x00000000c0000000,0x00000000ced8d530,0x00000000cee00000)
 Metaspace       used 55903K, committed 57280K, reserved 1114112K
  class space    used 5904K, committed 6528K, reserved 1048576K
}
Event: 8.967 GC heap after
{Heap after GC invocations=241 (full 2):
 PSYoungGen      total 9728K, used 1522K [0x00000000eab00000, 0x00000000ebb00000, 0x0000000100000000)
  eden space 8192K, 0% used [0x00000000eab00000,0x00000000eab00000,0x00000000eb300000)
  from space 1536K, 99% used [0x00000000eb300000,0x00000000eb47ca40,0x00000000eb480000)
  to   space 3584K, 0% used [0x00000000eb780000,0x00000000eb780000,0x00000000ebb00000)
 ParOldGen       total 244736K, used 244701K [0x00000000c0000000, 0x00000000cef00000, 0x00000000eab00000)
  object space 244736K, 99% used [0x00000000c0000000,0x00000000ceef7440,0x00000000cef00000)
 Metaspace       used 55903K, committed 57280K, reserved 1114112K
  class space    used 5904K, committed 6528K, reserved 1048576K
}
Event: 8.987 GC heap before
{Heap before GC invocations=242 (full 2):
 PSYoungGen      total 9728K, used 9714K [0x00000000eab00000, 0x00000000ebb00000, 0x0000000100000000)
  eden space 8192K, 100% used [0x00000000eab00000,0x00000000eb300000,0x00000000eb300000)
  from space 1536K, 99% used [0x00000000eb300000,0x00000000eb47ca40,0x00000000eb480000)
  to   space 3584K, 0% used [0x00000000eb780000,0x00000000eb780000,0x00000000ebb00000)
 ParOldGen       total 244736K, used 244701K [0x00000000c0000000, 0x00000000cef00000, 0x00000000eab00000)
  object space 244736K, 99% used [0x00000000c0000000,0x00000000ceef7440,0x00000000cef00000)
 Metaspace       used 55993K, committed 57472K, reserved 1114112K
  class space    used 5913K, committed 6592K, reserved 1048576K
}
Event: 8.989 GC heap after
{Heap after GC invocations=242 (full 2):
 PSYoungGen      total 10752K, used 2113K [0x00000000eab00000, 0x00000000eba00000, 0x0000000100000000)
  eden space 8192K, 0% used [0x00000000eab00000,0x00000000eab00000,0x00000000eb300000)
  from space 2560K, 82% used [0x00000000eb780000,0x00000000eb990508,0x00000000eba00000)
  to   space 2560K, 0% used [0x00000000eb500000,0x00000000eb500000,0x00000000eb780000)
 ParOldGen       total 246272K, used 246197K [0x00000000c0000000, 0x00000000cf080000, 0x00000000eab00000)
  object space 246272K, 99% used [0x00000000c0000000,0x00000000cf06d7a8,0x00000000cf080000)
 Metaspace       used 55993K, committed 57472K, reserved 1114112K
  class space    used 5913K, committed 6592K, reserved 1048576K
}
Event: 9.005 GC heap before
{Heap before GC invocations=243 (full 2):
 PSYoungGen      total 10752K, used 10305K [0x00000000eab00000, 0x00000000eba00000, 0x0000000100000000)
  eden space 8192K, 100% used [0x00000000eab00000,0x00000000eb300000,0x00000000eb300000)
  from space 2560K, 82% used [0x00000000eb780000,0x00000000eb990508,0x00000000eba00000)
  to   space 2560K, 0% used [0x00000000eb500000,0x00000000eb500000,0x00000000eb780000)
 ParOldGen       total 246272K, used 246197K [0x00000000c0000000, 0x00000000cf080000, 0x00000000eab00000)
  object space 246272K, 99% used [0x00000000c0000000,0x00000000cf06d7a8,0x00000000cf080000)
 Metaspace       used 56054K, committed 57472K, reserved 1114112K
  class space    used 5929K, committed 6592K, reserved 1048576K
}
Event: 9.007 GC heap after
{Heap after GC invocations=243 (full 2):
 PSYoungGen      total 10240K, used 1901K [0x00000000eab00000, 0x00000000eb800000, 0x0000000100000000)
  eden space 8192K, 0% used [0x00000000eab00000,0x00000000eab00000,0x00000000eb300000)
  from space 2048K, 92% used [0x00000000eb500000,0x00000000eb6db678,0x00000000eb700000)
  to   space 1024K, 0% used [0x00000000eb700000,0x00000000eb700000,0x00000000eb800000)
 ParOldGen       total 248320K, used 248136K [0x00000000c0000000, 0x00000000cf280000, 0x00000000eab00000)
  object space 248320K, 99% used [0x00000000c0000000,0x00000000cf252268,0x00000000cf280000)
 Metaspace       used 56054K, committed 57472K, reserved 1114112K
  class space    used 5929K, committed 6592K, reserved 1048576K
}
Event: 9.019 GC heap before
{Heap before GC invocations=244 (full 2):
 PSYoungGen      total 10240K, used 10093K [0x00000000eab00000, 0x00000000eb800000, 0x0000000100000000)
  eden space 8192K, 100% used [0x00000000eab00000,0x00000000eb300000,0x00000000eb300000)
  from space 2048K, 92% used [0x00000000eb500000,0x00000000eb6db678,0x00000000eb700000)
  to   space 1024K, 0% used [0x00000000eb700000,0x00000000eb700000,0x00000000eb800000)
 ParOldGen       total 248320K, used 248136K [0x00000000c0000000, 0x00000000cf280000, 0x00000000eab00000)
  object space 248320K, 99% used [0x00000000c0000000,0x00000000cf252268,0x00000000cf280000)
 Metaspace       used 56102K, committed 57536K, reserved 1114112K
  class space    used 5936K, committed 6592K, reserved 1048576K
}
Event: 9.021 GC heap after
{Heap after GC invocations=244 (full 2):
 PSYoungGen      total 9216K, used 1023K [0x00000000eab00000, 0x00000000ebb00000, 0x0000000100000000)
  eden space 8192K, 0% used [0x00000000eab00000,0x00000000eab00000,0x00000000eb300000)
  from space 1024K, 99% used [0x00000000eb700000,0x00000000eb7ffde8,0x00000000eb800000)
  to   space 4096K, 0% used [0x00000000eb300000,0x00000000eb300000,0x00000000eb700000)
 ParOldGen       total 250880K, used 250505K [0x00000000c0000000, 0x00000000cf500000, 0x00000000eab00000)
  object space 250880K, 99% used [0x00000000c0000000,0x00000000cf4a25f0,0x00000000cf500000)
 Metaspace       used 56102K, committed 57536K, reserved 1114112K
  class space    used 5936K, committed 6592K, reserved 1048576K
}
Event: 9.032 GC heap before
{Heap before GC invocations=245 (full 2):
 PSYoungGen      total 9216K, used 9215K [0x00000000eab00000, 0x00000000ebb00000, 0x0000000100000000)
  eden space 8192K, 100% used [0x00000000eab00000,0x00000000eb300000,0x00000000eb300000)
  from space 1024K, 99% used [0x00000000eb700000,0x00000000eb7ffde8,0x00000000eb800000)
  to   space 4096K, 0% used [0x00000000eb300000,0x00000000eb300000,0x00000000eb700000)
 ParOldGen       total 250880K, used 250505K [0x00000000c0000000, 0x00000000cf500000, 0x00000000eab00000)
  object space 250880K, 99% used [0x00000000c0000000,0x00000000cf4a25f0,0x00000000cf500000)
 Metaspace       used 56113K, committed 57536K, reserved 1114112K
  class space    used 5936K, committed 6592K, reserved 1048576K
}

