# JRE version: OpenJDK Runtime Environment Temurin-21.0.7+6 (21.0.7+6) (build 21.0.7+6-LTS)
# Java VM: OpenJDK 64-Bit Server VM Temurin-21.0.7+6 (21.0.7+6-LTS, mixed mode, sharing, tiered, compressed oops, compressed class ptrs, parallel gc, windows-amd64)
GC Precious Log:
 CardTable entry size: 512
 CPUs: 12 total, 12 available
 Memory: 7521M
 Large Page Support: Disabled
 NUMA Support: Disabled
 Compressed Oops: Enabled (32-bit)
 Alignments: Space 512K, Generation 512K, Heap 2M
 Heap Min Capacity: 100M
 Heap Initial Capacity: 100M
 Heap Max Capacity: 1G
 Pre-touch: Disabled
 Parallel Workers: 10
Heap:
 PSYoungGen      total 6656K, used 2958K [0x00000000eab00000, 0x00000000eb300000, 0x0000000100000000)
  eden space 5120K, 31% used [0x00000000eab00000,0x00000000eac97a60,0x00000000eb000000)
  from space 1536K, 86% used [0x00000000eb000000,0x00000000eb14c138,0x00000000eb180000)
  to   space 1536K, 0% used [0x00000000eb180000,0x00000000eb180000,0x00000000eb300000)
 ParOldGen       total 273920K, used 273512K [0x00000000c0000000, 0x00000000d0b80000, 0x00000000eab00000)
  object space 273920K, 99% used [0x00000000c0000000,0x00000000d0b1a370,0x00000000d0b80000)
 Metaspace       used 56791K, committed 58176K, reserved 1114112K
  class space    used 6008K, committed 6656K, reserved 1048576K
GC Heap History (20 events):
Event: 5.878 GC heap after
{Heap after GC invocations=189 (full 2):
 PSYoungGen      total 6656K, used 1233K [0x00000000eab00000, 0x00000000eb300000, 0x0000000100000000)
  eden space 5120K, 0% used [0x00000000eab00000,0x00000000eab00000,0x00000000eb000000)
  from space 1536K, 80% used [0x00000000eb000000,0x00000000eb134798,0x00000000eb180000)
  to   space 1536K, 0% used [0x00000000eb180000,0x00000000eb180000,0x00000000eb300000)
 ParOldGen       total 261120K, used 260762K [0x00000000c0000000, 0x00000000cff00000, 0x00000000eab00000)
  object space 261120K, 99% used [0x00000000c0000000,0x00000000cfea69d8,0x00000000cff00000)
 Metaspace       used 56310K, committed 57792K, reserved 1114112K
  class space    used 5946K, committed 6656K, reserved 1048576K
}
Event: 5.888 GC heap before
{Heap before GC invocations=190 (full 2):
 PSYoungGen      total 6656K, used 6324K [0x00000000eab00000, 0x00000000eb300000, 0x0000000100000000)
  eden space 5120K, 99% used [0x00000000eab00000,0x00000000eaff8a58,0x00000000eb000000)
  from space 1536K, 80% used [0x00000000eb000000,0x00000000eb134798,0x00000000eb180000)
  to   space 1536K, 0% used [0x00000000eb180000,0x00000000eb180000,0x00000000eb300000)
 ParOldGen       total 261120K, used 260762K [0x00000000c0000000, 0x00000000cff00000, 0x00000000eab00000)
  object space 261120K, 99% used [0x00000000c0000000,0x00000000cfea69d8,0x00000000cff00000)
 Metaspace       used 56385K, committed 57856K, reserved 1114112K
  class space    used 5960K, committed 6656K, reserved 1048576K
}
Event: 5.890 GC heap after
{Heap after GC invocations=190 (full 2):
 PSYoungGen      total 6656K, used 1284K [0x00000000eab00000, 0x00000000eb300000, 0x0000000100000000)
  eden space 5120K, 0% used [0x00000000eab00000,0x00000000eab00000,0x00000000eb000000)
  from space 1536K, 83% used [0x00000000eb180000,0x00000000eb2c13e0,0x00000000eb300000)
  to   space 1536K, 0% used [0x00000000eb000000,0x00000000eb000000,0x00000000eb180000)
 ParOldGen       total 262144K, used 261864K [0x00000000c0000000, 0x00000000d0000000, 0x00000000eab00000)
  object space 262144K, 99% used [0x00000000c0000000,0x00000000cffba228,0x00000000d0000000)
 Metaspace       used 56385K, committed 57856K, reserved 1114112K
  class space    used 5960K, committed 6656K, reserved 1048576K
}
Event: 5.899 GC heap before
{Heap before GC invocations=191 (full 2):
 PSYoungGen      total 6656K, used 6404K [0x00000000eab00000, 0x00000000eb300000, 0x0000000100000000)
  eden space 5120K, 100% used [0x00000000eab00000,0x00000000eb000000,0x00000000eb000000)
  from space 1536K, 83% used [0x00000000eb180000,0x00000000eb2c13e0,0x00000000eb300000)
  to   space 1536K, 0% used [0x00000000eb000000,0x00000000eb000000,0x00000000eb180000)
 ParOldGen       total 262144K, used 261864K [0x00000000c0000000, 0x00000000d0000000, 0x00000000eab00000)
  object space 262144K, 99% used [0x00000000c0000000,0x00000000cffba228,0x00000000d0000000)
 Metaspace       used 56436K, committed 57856K, reserved 1114112K
  class space    used 5966K, committed 6656K, reserved 1048576K
}
Event: 5.901 GC heap after
{Heap after GC invocations=191 (full 2):
 PSYoungGen      total 6656K, used 1403K [0x00000000eab00000, 0x00000000eb300000, 0x0000000100000000)
  eden space 5120K, 0% used [0x00000000eab00000,0x00000000eab00000,0x00000000eb000000)
  from space 1536K, 91% used [0x00000000eb000000,0x00000000eb15eff8,0x00000000eb180000)
  to   space 1536K, 0% used [0x00000000eb180000,0x00000000eb180000,0x00000000eb300000)
 ParOldGen       total 263168K, used 263034K [0x00000000c0000000, 0x00000000d0100000, 0x00000000eab00000)
  object space 263168K, 99% used [0x00000000c0000000,0x00000000d00deb50,0x00000000d0100000)
 Metaspace       used 56436K, committed 57856K, reserved 1114112K
  class space    used 5966K, committed 6656K, reserved 1048576K
}
Event: 5.909 GC heap before
{Heap before GC invocations=192 (full 2):
 PSYoungGen      total 6656K, used 6523K [0x00000000eab00000, 0x00000000eb300000, 0x0000000100000000)
  eden space 5120K, 100% used [0x00000000eab00000,0x00000000eb000000,0x00000000eb000000)
  from space 1536K, 91% used [0x00000000eb000000,0x00000000eb15eff8,0x00000000eb180000)
  to   space 1536K, 0% used [0x00000000eb180000,0x00000000eb180000,0x00000000eb300000)
 ParOldGen       total 263168K, used 263034K [0x00000000c0000000, 0x00000000d0100000, 0x00000000eab00000)
  object space 263168K, 99% used [0x00000000c0000000,0x00000000d00deb50,0x00000000d0100000)
 Metaspace       used 56442K, committed 57920K, reserved 1114112K
  class space    used 5966K, committed 6656K, reserved 1048576K
}
Event: 5.911 GC heap after
{Heap after GC invocations=192 (full 2):
 PSYoungGen      total 6656K, used 1255K [0x00000000eab00000, 0x00000000eb300000, 0x0000000100000000)
  eden space 5120K, 0% used [0x00000000eab00000,0x00000000eab00000,0x00000000eb000000)
  from space 1536K, 81% used [0x00000000eb180000,0x00000000eb2b9f08,0x00000000eb300000)
  to   space 1536K, 0% used [0x00000000eb000000,0x00000000eb000000,0x00000000eb180000)
 ParOldGen       total 264192K, used 264132K [0x00000000c0000000, 0x00000000d0200000, 0x00000000eab00000)
  object space 264192K, 99% used [0x00000000c0000000,0x00000000d01f12a8,0x00000000d0200000)
 Metaspace       used 56442K, committed 57920K, reserved 1114112K
  class space    used 5966K, committed 6656K, reserved 1048576K
}
Event: 5.916 GC heap before
{Heap before GC invocations=193 (full 2):
 PSYoungGen      total 6656K, used 6375K [0x00000000eab00000, 0x00000000eb300000, 0x0000000100000000)
  eden space 5120K, 100% used [0x00000000eab00000,0x00000000eb000000,0x00000000eb000000)
  from space 1536K, 81% used [0x00000000eb180000,0x00000000eb2b9f08,0x00000000eb300000)
  to   space 1536K, 0% used [0x00000000eb000000,0x00000000eb000000,0x00000000eb180000)
 ParOldGen       total 264192K, used 264132K [0x00000000c0000000, 0x00000000d0200000, 0x00000000eab00000)
  object space 264192K, 99% used [0x00000000c0000000,0x00000000d01f12a8,0x00000000d0200000)
 Metaspace       used 56446K, committed 57920K, reserved 1114112K
  class space    used 5966K, committed 6656K, reserved 1048576K
}
Event: 5.918 GC heap after
{Heap after GC invocations=193 (full 2):
 PSYoungGen      total 6656K, used 1216K [0x00000000eab00000, 0x00000000eb300000, 0x0000000100000000)
  eden space 5120K, 0% used [0x00000000eab00000,0x00000000eab00000,0x00000000eb000000)
  from space 1536K, 79% used [0x00000000eb000000,0x00000000eb1300a8,0x00000000eb180000)
  to   space 1536K, 0% used [0x00000000eb180000,0x00000000eb180000,0x00000000eb300000)
 ParOldGen       total 265216K, used 265155K [0x00000000c0000000, 0x00000000d0300000, 0x00000000eab00000)
  object space 265216K, 99% used [0x00000000c0000000,0x00000000d02f0d70,0x00000000d0300000)
 Metaspace       used 56446K, committed 57920K, reserved 1114112K
  class space    used 5966K, committed 6656K, reserved 1048576K
}
Event: 5.926 GC heap before
{Heap before GC invocations=194 (full 2):
 PSYoungGen      total 6656K, used 6336K [0x00000000eab00000, 0x00000000eb300000, 0x0000000100000000)
  eden space 5120K, 100% used [0x00000000eab00000,0x00000000eb000000,0x00000000eb000000)
  from space 1536K, 79% used [0x00000000eb000000,0x00000000eb1300a8,0x00000000eb180000)
  to   space 1536K, 0% used [0x00000000eb180000,0x00000000eb180000,0x00000000eb300000)
 ParOldGen       total 265216K, used 265155K [0x00000000c0000000, 0x00000000d0300000, 0x00000000eab00000)
  object space 265216K, 99% used [0x00000000c0000000,0x00000000d02f0d70,0x00000000d0300000)
 Metaspace       used 56458K, committed 57920K, reserved 1114112K
  class space    used 5966K, committed 6656K, reserved 1048576K
}
Event: 5.928 GC heap after
{Heap after GC invocations=194 (full 2):
 PSYoungGen      total 6656K, used 1030K [0x00000000eab00000, 0x00000000eb300000, 0x0000000100000000)
  eden space 5120K, 0% used [0x00000000eab00000,0x00000000eab00000,0x00000000eb000000)
  from space 1536K, 67% used [0x00000000eb180000,0x00000000eb281920,0x00000000eb300000)
  to   space 1536K, 0% used [0x00000000eb000000,0x00000000eb000000,0x00000000eb180000)
 ParOldGen       total 266240K, used 266150K [0x00000000c0000000, 0x00000000d0400000, 0x00000000eab00000)
  object space 266240K, 99% used [0x00000000c0000000,0x00000000d03e9bb0,0x00000000d0400000)
 Metaspace       used 56458K, committed 57920K, reserved 1114112K
  class space    used 5966K, committed 6656K, reserved 1048576K
}
Event: 5.939 GC heap before
{Heap before GC invocations=195 (full 2):
 PSYoungGen      total 6656K, used 6150K [0x00000000eab00000, 0x00000000eb300000, 0x0000000100000000)
  eden space 5120K, 100% used [0x00000000eab00000,0x00000000eb000000,0x00000000eb000000)
  from space 1536K, 67% used [0x00000000eb180000,0x00000000eb281920,0x00000000eb300000)
  to   space 1536K, 0% used [0x00000000eb000000,0x00000000eb000000,0x00000000eb180000)
 ParOldGen       total 266240K, used 266150K [0x00000000c0000000, 0x00000000d0400000, 0x00000000eab00000)
  object space 266240K, 99% used [0x00000000c0000000,0x00000000d03e9bb0,0x00000000d0400000)
 Metaspace       used 56481K, committed 57920K, reserved 1114112K
  class space    used 5968K, committed 6656K, reserved 1048576K
}
Event: 5.940 GC heap after
{Heap after GC invocations=195 (full 2):
 PSYoungGen      total 6656K, used 1298K [0x00000000eab00000, 0x00000000eb300000, 0x0000000100000000)
  eden space 5120K, 0% used [0x00000000eab00000,0x00000000eab00000,0x00000000eb000000)
  from space 1536K, 84% used [0x00000000eb000000,0x00000000eb144a40,0x00000000eb180000)
  to   space 1536K, 0% used [0x00000000eb180000,0x00000000eb180000,0x00000000eb300000)
 ParOldGen       total 267264K, used 267059K [0x00000000c0000000, 0x00000000d0500000, 0x00000000eab00000)
  object space 267264K, 99% used [0x00000000c0000000,0x00000000d04cccb0,0x00000000d0500000)
 Metaspace       used 56481K, committed 57920K, reserved 1114112K
  class space    used 5968K, committed 6656K, reserved 1048576K
}
Event: 5.950 GC heap before
{Heap before GC invocations=196 (full 2):
 PSYoungGen      total 6656K, used 6418K [0x00000000eab00000, 0x00000000eb300000, 0x0000000100000000)
  eden space 5120K, 100% used [0x00000000eab00000,0x00000000eb000000,0x00000000eb000000)
  from space 1536K, 84% used [0x00000000eb000000,0x00000000eb144a40,0x00000000eb180000)
  to   space 1536K, 0% used [0x00000000eb180000,0x00000000eb180000,0x00000000eb300000)
 ParOldGen       total 267264K, used 267059K [0x00000000c0000000, 0x00000000d0500000, 0x00000000eab00000)
  object space 267264K, 99% used [0x00000000c0000000,0x00000000d04cccb0,0x00000000d0500000)
 Metaspace       used 56545K, committed 57984K, reserved 1114112K
  class space    used 5975K, committed 6656K, reserved 1048576K
}
Event: 5.952 GC heap after
{Heap after GC invocations=196 (full 2):
 PSYoungGen      total 6656K, used 1184K [0x00000000eab00000, 0x00000000eb300000, 0x0000000100000000)
  eden space 5120K, 0% used [0x00000000eab00000,0x00000000eab00000,0x00000000eb000000)
  from space 1536K, 77% used [0x00000000eb180000,0x00000000eb2a8000,0x00000000eb300000)
  to   space 1536K, 0% used [0x00000000eb000000,0x00000000eb000000,0x00000000eb180000)
 ParOldGen       total 268288K, used 268152K [0x00000000c0000000, 0x00000000d0600000, 0x00000000eab00000)
  object space 268288K, 99% used [0x00000000c0000000,0x00000000d05de368,0x00000000d0600000)
 Metaspace       used 56545K, committed 57984K, reserved 1114112K
  class space    used 5975K, committed 6656K, reserved 1048576K
}
Event: 5.960 GC heap before
{Heap before GC invocations=197 (full 2):
 PSYoungGen      total 6656K, used 6304K [0x00000000eab00000, 0x00000000eb300000, 0x0000000100000000)
  eden space 5120K, 100% used [0x00000000eab00000,0x00000000eb000000,0x00000000eb000000)
  from space 1536K, 77% used [0x00000000eb180000,0x00000000eb2a8000,0x00000000eb300000)
  to   space 1536K, 0% used [0x00000000eb000000,0x00000000eb000000,0x00000000eb180000)
 ParOldGen       total 268288K, used 268152K [0x00000000c0000000, 0x00000000d0600000, 0x00000000eab00000)
  object space 268288K, 99% used [0x00000000c0000000,0x00000000d05de368,0x00000000d0600000)
 Metaspace       used 56563K, committed 58048K, reserved 1114112K
  class space    used 5979K, committed 6656K, reserved 1048576K
}
Event: 5.962 GC heap after
{Heap after GC invocations=197 (full 2):
 PSYoungGen      total 6656K, used 1216K [0x00000000eab00000, 0x00000000eb300000, 0x0000000100000000)
  eden space 5120K, 0% used [0x00000000eab00000,0x00000000eab00000,0x00000000eb000000)
  from space 1536K, 79% used [0x00000000eb000000,0x00000000eb130000,0x00000000eb180000)
  to   space 1536K, 0% used [0x00000000eb180000,0x00000000eb180000,0x00000000eb300000)
 ParOldGen       total 269312K, used 269180K [0x00000000c0000000, 0x00000000d0700000, 0x00000000eab00000)
  object space 269312K, 99% used [0x00000000c0000000,0x00000000d06df1a0,0x00000000d0700000)
 Metaspace       used 56563K, committed 58048K, reserved 1114112K
  class space    used 5979K, committed 6656K, reserved 1048576K
}
Event: 5.970 GC heap before
{Heap before GC invocations=198 (full 2):
 PSYoungGen      total 6656K, used 6336K [0x00000000eab00000, 0x00000000eb300000, 0x0000000100000000)
  eden space 5120K, 100% used [0x00000000eab00000,0x00000000eb000000,0x00000000eb000000)
  from space 1536K, 79% used [0x00000000eb000000,0x00000000eb130000,0x00000000eb180000)
  to   space 1536K, 0% used [0x00000000eb180000,0x00000000eb180000,0x00000000eb300000)
 ParOldGen       total 269312K, used 269180K [0x00000000c0000000, 0x00000000d0700000, 0x00000000eab00000)
  object space 269312K, 99% used [0x00000000c0000000,0x00000000d06df1a0,0x00000000d0700000)
 Metaspace       used 56602K, committed 58048K, reserved 1114112K
  class space    used 5984K, committed 6656K, reserved 1048576K
}
Event: 8.027 GC heap after
{Heap after GC invocations=198 (full 2):
 PSYoungGen      total 6656K, used 1161K [0x00000000eab00000, 0x00000000eb300000, 0x0000000100000000)
  eden space 5120K, 0% used [0x00000000eab00000,0x00000000eab00000,0x00000000eb000000)
  from space 1536K, 75% used [0x00000000eb180000,0x00000000eb2a27f8,0x00000000eb300000)
  to   space 1536K, 0% used [0x00000000eb000000,0x00000000eb000000,0x00000000eb180000)
 ParOldGen       total 270336K, used 270259K [0x00000000c0000000, 0x00000000d0800000, 0x00000000eab00000)
  object space 270336K, 99% used [0x00000000c0000000,0x00000000d07ecf20,0x00000000d0800000)
 Metaspace       used 56602K, committed 58048K, reserved 1114112K
  class space    used 5984K, committed 6656K, reserved 1048576K
}
Event: 8.036 GC heap before
{Heap before GC invocations=199 (full 2):
 PSYoungGen      total 6656K, used 6281K [0x00000000eab00000, 0x00000000eb300000, 0x0000000100000000)
  eden space 5120K, 100% used [0x00000000eab00000,0x00000000eb000000,0x00000000eb000000)
  from space 1536K, 75% used [0x00000000eb180000,0x00000000eb2a27f8,0x00000000eb300000)
  to   space 1536K, 0% used [0x00000000eb000000,0x00000000eb000000,0x00000000eb180000)
 ParOldGen       total 270336K, used 270259K [0x00000000c0000000, 0x00000000d0800000, 0x00000000eab00000)
  object space 270336K, 99% used [0x00000000c0000000,0x00000000d07ecf20,0x00000000d0800000)
 Metaspace       used 56662K, committed 58112K, reserved 1114112K
  class space    used 5991K, committed 6656K, reserved 1048576K
}

