# JRE version: OpenJDK Runtime Environment Temurin-21.0.7+6 (21.0.7+6) (build 21.0.7+6-LTS)
# Java VM: OpenJDK 64-Bit Server VM Temurin-21.0.7+6 (21.0.7+6-LTS, mixed mode, sharing, tiered, compressed oops, compressed class ptrs, parallel gc, windows-amd64)
GC Precious Log:
 CardTable entry size: 512
 CPUs: 12 total, 12 available
 Memory: 7521M
 Large Page Support: Disabled
 NUMA Support: Disabled
 Compressed Oops: Enabled (32-bit)
 Alignments: Space 512K, Generation 512K, Heap 2M
 Heap Min Capacity: 100M
 Heap Initial Capacity: 100M
 Heap Max Capacity: 1G
 Pre-touch: Disabled
 Parallel Workers: 10
Heap:
 PSYoungGen      total 16384K, used 2906K [0x00000000eab00000, 0x00000000ebf00000, 0x0000000100000000)
  eden space 12800K, 9% used [0x00000000eab00000,0x00000000eac3f1c0,0x00000000eb780000)
  from space 3584K, 45% used [0x00000000eb780000,0x00000000eb9178d0,0x00000000ebb00000)
  to   space 2560K, 0% used [0x00000000ebc80000,0x00000000ebc80000,0x00000000ebf00000)
 ParOldGen       total 413184K, used 413023K [0x00000000c0000000, 0x00000000d9380000, 0x00000000eab00000)
  object space 413184K, 99% used [0x00000000c0000000,0x00000000d9357fc0,0x00000000d9380000)
 Metaspace       used 60536K, committed 62016K, reserved 1114112K
  class space    used 6318K, committed 6976K, reserved 1048576K
GC Heap History (20 events):
Event: 13.455 GC heap after
{Heap after GC invocations=395 (full 3):
 PSYoungGen      total 14848K, used 1534K [0x00000000eab00000, 0x00000000ec180000, 0x0000000100000000)
  eden space 13312K, 0% used [0x00000000eab00000,0x00000000eab00000,0x00000000eb800000)
  from space 1536K, 99% used [0x00000000ebc00000,0x00000000ebd7f998,0x00000000ebd80000)
  to   space 4096K, 0% used [0x00000000eb800000,0x00000000eb800000,0x00000000ebc00000)
 ParOldGen       total 394240K, used 394032K [0x00000000c0000000, 0x00000000d8100000, 0x00000000eab00000)
  object space 394240K, 99% used [0x00000000c0000000,0x00000000d80cc328,0x00000000d8100000)
 Metaspace       used 60536K, committed 62016K, reserved 1114112K
  class space    used 6318K, committed 6976K, reserved 1048576K
}
Event: 13.494 GC heap before
{Heap before GC invocations=396 (full 3):
 PSYoungGen      total 14848K, used 14846K [0x00000000eab00000, 0x00000000ec180000, 0x0000000100000000)
  eden space 13312K, 100% used [0x00000000eab00000,0x00000000eb800000,0x00000000eb800000)
  from space 1536K, 99% used [0x00000000ebc00000,0x00000000ebd7f998,0x00000000ebd80000)
  to   space 4096K, 0% used [0x00000000eb800000,0x00000000eb800000,0x00000000ebc00000)
 ParOldGen       total 394240K, used 394032K [0x00000000c0000000, 0x00000000d8100000, 0x00000000eab00000)
  object space 394240K, 99% used [0x00000000c0000000,0x00000000d80cc328,0x00000000d8100000)
 Metaspace       used 60536K, committed 62016K, reserved 1114112K
  class space    used 6318K, committed 6976K, reserved 1048576K
}
Event: 13.496 GC heap after
{Heap after GC invocations=396 (full 3):
 PSYoungGen      total 15360K, used 1824K [0x00000000eab00000, 0x00000000ebd00000, 0x0000000100000000)
  eden space 13312K, 0% used [0x00000000eab00000,0x00000000eab00000,0x00000000eb800000)
  from space 2048K, 89% used [0x00000000eb800000,0x00000000eb9c8000,0x00000000eba00000)
  to   space 2560K, 0% used [0x00000000eba80000,0x00000000eba80000,0x00000000ebd00000)
 ParOldGen       total 395776K, used 395472K [0x00000000c0000000, 0x00000000d8280000, 0x00000000eab00000)
  object space 395776K, 99% used [0x00000000c0000000,0x00000000d8234328,0x00000000d8280000)
 Metaspace       used 60536K, committed 62016K, reserved 1114112K
  class space    used 6318K, committed 6976K, reserved 1048576K
}
Event: 13.524 GC heap before
{Heap before GC invocations=397 (full 3):
 PSYoungGen      total 15360K, used 15136K [0x00000000eab00000, 0x00000000ebd00000, 0x0000000100000000)
  eden space 13312K, 100% used [0x00000000eab00000,0x00000000eb800000,0x00000000eb800000)
  from space 2048K, 89% used [0x00000000eb800000,0x00000000eb9c8000,0x00000000eba00000)
  to   space 2560K, 0% used [0x00000000eba80000,0x00000000eba80000,0x00000000ebd00000)
 ParOldGen       total 395776K, used 395472K [0x00000000c0000000, 0x00000000d8280000, 0x00000000eab00000)
  object space 395776K, 99% used [0x00000000c0000000,0x00000000d8234328,0x00000000d8280000)
 Metaspace       used 60536K, committed 62016K, reserved 1114112K
  class space    used 6318K, committed 6976K, reserved 1048576K
}
Event: 13.526 GC heap after
{Heap after GC invocations=397 (full 3):
 PSYoungGen      total 15872K, used 2252K [0x00000000eab00000, 0x00000000ebd00000, 0x0000000100000000)
  eden space 13312K, 0% used [0x00000000eab00000,0x00000000eab00000,0x00000000eb800000)
  from space 2560K, 87% used [0x00000000eba80000,0x00000000ebcb3010,0x00000000ebd00000)
  to   space 2560K, 0% used [0x00000000eb800000,0x00000000eb800000,0x00000000eba80000)
 ParOldGen       total 397312K, used 397122K [0x00000000c0000000, 0x00000000d8400000, 0x00000000eab00000)
  object space 397312K, 99% used [0x00000000c0000000,0x00000000d83d0b40,0x00000000d8400000)
 Metaspace       used 60536K, committed 62016K, reserved 1114112K
  class space    used 6318K, committed 6976K, reserved 1048576K
}
Event: 13.557 GC heap before
{Heap before GC invocations=398 (full 3):
 PSYoungGen      total 15872K, used 15564K [0x00000000eab00000, 0x00000000ebd00000, 0x0000000100000000)
  eden space 13312K, 100% used [0x00000000eab00000,0x00000000eb800000,0x00000000eb800000)
  from space 2560K, 87% used [0x00000000eba80000,0x00000000ebcb3010,0x00000000ebd00000)
  to   space 2560K, 0% used [0x00000000eb800000,0x00000000eb800000,0x00000000eba80000)
 ParOldGen       total 397312K, used 397122K [0x00000000c0000000, 0x00000000d8400000, 0x00000000eab00000)
  object space 397312K, 99% used [0x00000000c0000000,0x00000000d83d0b40,0x00000000d8400000)
 Metaspace       used 60536K, committed 62016K, reserved 1114112K
  class space    used 6318K, committed 6976K, reserved 1048576K
}
Event: 13.559 GC heap after
{Heap after GC invocations=398 (full 3):
 PSYoungGen      total 15872K, used 2080K [0x00000000eab00000, 0x00000000ebd00000, 0x0000000100000000)
  eden space 13312K, 0% used [0x00000000eab00000,0x00000000eab00000,0x00000000eb800000)
  from space 2560K, 81% used [0x00000000eb800000,0x00000000eba08000,0x00000000eba80000)
  to   space 2560K, 0% used [0x00000000eba80000,0x00000000eba80000,0x00000000ebd00000)
 ParOldGen       total 399360K, used 399123K [0x00000000c0000000, 0x00000000d8600000, 0x00000000eab00000)
  object space 399360K, 99% used [0x00000000c0000000,0x00000000d85c4d58,0x00000000d8600000)
 Metaspace       used 60536K, committed 62016K, reserved 1114112K
  class space    used 6318K, committed 6976K, reserved 1048576K
}
Event: 13.588 GC heap before
{Heap before GC invocations=399 (full 3):
 PSYoungGen      total 15872K, used 15392K [0x00000000eab00000, 0x00000000ebd00000, 0x0000000100000000)
  eden space 13312K, 100% used [0x00000000eab00000,0x00000000eb800000,0x00000000eb800000)
  from space 2560K, 81% used [0x00000000eb800000,0x00000000eba08000,0x00000000eba80000)
  to   space 2560K, 0% used [0x00000000eba80000,0x00000000eba80000,0x00000000ebd00000)
 ParOldGen       total 399360K, used 399123K [0x00000000c0000000, 0x00000000d8600000, 0x00000000eab00000)
  object space 399360K, 99% used [0x00000000c0000000,0x00000000d85c4d58,0x00000000d8600000)
 Metaspace       used 60536K, committed 62016K, reserved 1114112K
  class space    used 6318K, committed 6976K, reserved 1048576K
}
Event: 13.591 GC heap after
{Heap after GC invocations=399 (full 3):
 PSYoungGen      total 15872K, used 2059K [0x00000000eab00000, 0x00000000ebd00000, 0x0000000100000000)
  eden space 13312K, 0% used [0x00000000eab00000,0x00000000eab00000,0x00000000eb800000)
  from space 2560K, 80% used [0x00000000eba80000,0x00000000ebc82f78,0x00000000ebd00000)
  to   space 2560K, 0% used [0x00000000eb800000,0x00000000eb800000,0x00000000eba80000)
 ParOldGen       total 401408K, used 401024K [0x00000000c0000000, 0x00000000d8800000, 0x00000000eab00000)
  object space 401408K, 99% used [0x00000000c0000000,0x00000000d87a0368,0x00000000d8800000)
 Metaspace       used 60536K, committed 62016K, reserved 1114112K
  class space    used 6318K, committed 6976K, reserved 1048576K
}
Event: 13.618 GC heap before
{Heap before GC invocations=400 (full 3):
 PSYoungGen      total 15872K, used 15371K [0x00000000eab00000, 0x00000000ebd00000, 0x0000000100000000)
  eden space 13312K, 100% used [0x00000000eab00000,0x00000000eb800000,0x00000000eb800000)
  from space 2560K, 80% used [0x00000000eba80000,0x00000000ebc82f78,0x00000000ebd00000)
  to   space 2560K, 0% used [0x00000000eb800000,0x00000000eb800000,0x00000000eba80000)
 ParOldGen       total 401408K, used 401024K [0x00000000c0000000, 0x00000000d8800000, 0x00000000eab00000)
  object space 401408K, 99% used [0x00000000c0000000,0x00000000d87a0368,0x00000000d8800000)
 Metaspace       used 60536K, committed 62016K, reserved 1114112K
  class space    used 6318K, committed 6976K, reserved 1048576K
}
Event: 13.621 GC heap after
{Heap after GC invocations=400 (full 3):
 PSYoungGen      total 15872K, used 2533K [0x00000000eab00000, 0x00000000ec200000, 0x0000000100000000)
  eden space 13312K, 0% used [0x00000000eab00000,0x00000000eab00000,0x00000000eb800000)
  from space 2560K, 98% used [0x00000000eb800000,0x00000000eba79598,0x00000000eba80000)
  to   space 5120K, 0% used [0x00000000ebd00000,0x00000000ebd00000,0x00000000ec200000)
 ParOldGen       total 402944K, used 402766K [0x00000000c0000000, 0x00000000d8980000, 0x00000000eab00000)
  object space 402944K, 99% used [0x00000000c0000000,0x00000000d8953978,0x00000000d8980000)
 Metaspace       used 60536K, committed 62016K, reserved 1114112K
  class space    used 6318K, committed 6976K, reserved 1048576K
}
Event: 13.653 GC heap before
{Heap before GC invocations=401 (full 3):
 PSYoungGen      total 15872K, used 15845K [0x00000000eab00000, 0x00000000ec200000, 0x0000000100000000)
  eden space 13312K, 100% used [0x00000000eab00000,0x00000000eb800000,0x00000000eb800000)
  from space 2560K, 98% used [0x00000000eb800000,0x00000000eba79598,0x00000000eba80000)
  to   space 5120K, 0% used [0x00000000ebd00000,0x00000000ebd00000,0x00000000ec200000)
 ParOldGen       total 402944K, used 402766K [0x00000000c0000000, 0x00000000d8980000, 0x00000000eab00000)
  object space 402944K, 99% used [0x00000000c0000000,0x00000000d8953978,0x00000000d8980000)
 Metaspace       used 60536K, committed 62016K, reserved 1114112K
  class space    used 6318K, committed 6976K, reserved 1048576K
}
Event: 13.656 GC heap after
{Heap after GC invocations=401 (full 3):
 PSYoungGen      total 15360K, used 1840K [0x00000000eab00000, 0x00000000ebf00000, 0x0000000100000000)
  eden space 13312K, 0% used [0x00000000eab00000,0x00000000eab00000,0x00000000eb800000)
  from space 2048K, 89% used [0x00000000ebd00000,0x00000000ebecc010,0x00000000ebf00000)
  to   space 3072K, 0% used [0x00000000eb900000,0x00000000eb900000,0x00000000ebc00000)
 ParOldGen       total 405504K, used 405027K [0x00000000c0000000, 0x00000000d8c00000, 0x00000000eab00000)
  object space 405504K, 99% used [0x00000000c0000000,0x00000000d8b88f88,0x00000000d8c00000)
 Metaspace       used 60536K, committed 62016K, reserved 1114112K
  class space    used 6318K, committed 6976K, reserved 1048576K
}
Event: 13.682 GC heap before
{Heap before GC invocations=402 (full 3):
 PSYoungGen      total 15360K, used 15152K [0x00000000eab00000, 0x00000000ebf00000, 0x0000000100000000)
  eden space 13312K, 100% used [0x00000000eab00000,0x00000000eb800000,0x00000000eb800000)
  from space 2048K, 89% used [0x00000000ebd00000,0x00000000ebecc010,0x00000000ebf00000)
  to   space 3072K, 0% used [0x00000000eb900000,0x00000000eb900000,0x00000000ebc00000)
 ParOldGen       total 405504K, used 405027K [0x00000000c0000000, 0x00000000d8c00000, 0x00000000eab00000)
  object space 405504K, 99% used [0x00000000c0000000,0x00000000d8b88f88,0x00000000d8c00000)
 Metaspace       used 60536K, committed 62016K, reserved 1114112K
  class space    used 6318K, committed 6976K, reserved 1048576K
}
Event: 13.684 GC heap after
{Heap after GC invocations=402 (full 3):
 PSYoungGen      total 15360K, used 1984K [0x00000000eab00000, 0x00000000ebd80000, 0x0000000100000000)
  eden space 13312K, 0% used [0x00000000eab00000,0x00000000eab00000,0x00000000eb800000)
  from space 2048K, 96% used [0x00000000eb900000,0x00000000ebaf0000,0x00000000ebb00000)
  to   space 2560K, 0% used [0x00000000ebb00000,0x00000000ebb00000,0x00000000ebd80000)
 ParOldGen       total 407040K, used 406602K [0x00000000c0000000, 0x00000000d8d80000, 0x00000000eab00000)
  object space 407040K, 99% used [0x00000000c0000000,0x00000000d8d129a8,0x00000000d8d80000)
 Metaspace       used 60536K, committed 62016K, reserved 1114112K
  class space    used 6318K, committed 6976K, reserved 1048576K
}
Event: 13.711 GC heap before
{Heap before GC invocations=403 (full 3):
 PSYoungGen      total 15360K, used 15296K [0x00000000eab00000, 0x00000000ebd80000, 0x0000000100000000)
  eden space 13312K, 100% used [0x00000000eab00000,0x00000000eb800000,0x00000000eb800000)
  from space 2048K, 96% used [0x00000000eb900000,0x00000000ebaf0000,0x00000000ebb00000)
  to   space 2560K, 0% used [0x00000000ebb00000,0x00000000ebb00000,0x00000000ebd80000)
 ParOldGen       total 407040K, used 406602K [0x00000000c0000000, 0x00000000d8d80000, 0x00000000eab00000)
  object space 407040K, 99% used [0x00000000c0000000,0x00000000d8d129a8,0x00000000d8d80000)
 Metaspace       used 60536K, committed 62016K, reserved 1114112K
  class space    used 6318K, committed 6976K, reserved 1048576K
}
Event: 13.714 GC heap after
{Heap after GC invocations=403 (full 3):
 PSYoungGen      total 15360K, used 1824K [0x00000000eab00000, 0x00000000ebd00000, 0x0000000100000000)
  eden space 13312K, 0% used [0x00000000eab00000,0x00000000eab00000,0x00000000eb800000)
  from space 2048K, 89% used [0x00000000ebb00000,0x00000000ebcc8000,0x00000000ebd00000)
  to   space 2048K, 0% used [0x00000000eb900000,0x00000000eb900000,0x00000000ebb00000)
 ParOldGen       total 408576K, used 408378K [0x00000000c0000000, 0x00000000d8f00000, 0x00000000eab00000)
  object space 408576K, 99% used [0x00000000c0000000,0x00000000d8ece9a8,0x00000000d8f00000)
 Metaspace       used 60536K, committed 62016K, reserved 1114112K
  class space    used 6318K, committed 6976K, reserved 1048576K
}
Event: 13.740 GC heap before
{Heap before GC invocations=404 (full 3):
 PSYoungGen      total 15360K, used 15136K [0x00000000eab00000, 0x00000000ebd00000, 0x0000000100000000)
  eden space 13312K, 100% used [0x00000000eab00000,0x00000000eb800000,0x00000000eb800000)
  from space 2048K, 89% used [0x00000000ebb00000,0x00000000ebcc8000,0x00000000ebd00000)
  to   space 2048K, 0% used [0x00000000eb900000,0x00000000eb900000,0x00000000ebb00000)
 ParOldGen       total 408576K, used 408378K [0x00000000c0000000, 0x00000000d8f00000, 0x00000000eab00000)
  object space 408576K, 99% used [0x00000000c0000000,0x00000000d8ece9a8,0x00000000d8f00000)
 Metaspace       used 60536K, committed 62016K, reserved 1114112K
  class space    used 6318K, committed 6976K, reserved 1048576K
}
Event: 13.742 GC heap after
{Heap after GC invocations=404 (full 3):
 PSYoungGen      total 15360K, used 1728K [0x00000000eab00000, 0x00000000ebc00000, 0x0000000100000000)
  eden space 13312K, 0% used [0x00000000eab00000,0x00000000eab00000,0x00000000eb800000)
  from space 2048K, 84% used [0x00000000eb900000,0x00000000ebab0000,0x00000000ebb00000)
  to   space 1024K, 0% used [0x00000000ebb00000,0x00000000ebb00000,0x00000000ebc00000)
 ParOldGen       total 410112K, used 409978K [0x00000000c0000000, 0x00000000d9080000, 0x00000000eab00000)
  object space 410112K, 99% used [0x00000000c0000000,0x00000000d905e9a8,0x00000000d9080000)
 Metaspace       used 60536K, committed 62016K, reserved 1114112K
  class space    used 6318K, committed 6976K, reserved 1048576K
}
Event: 13.772 GC heap before
{Heap before GC invocations=405 (full 3):
 PSYoungGen      total 15360K, used 15040K [0x00000000eab00000, 0x00000000ebc00000, 0x0000000100000000)
  eden space 13312K, 100% used [0x00000000eab00000,0x00000000eb800000,0x00000000eb800000)
  from space 2048K, 84% used [0x00000000eb900000,0x00000000ebab0000,0x00000000ebb00000)
  to   space 1024K, 0% used [0x00000000ebb00000,0x00000000ebb00000,0x00000000ebc00000)
 ParOldGen       total 410112K, used 409978K [0x00000000c0000000, 0x00000000d9080000, 0x00000000eab00000)
  object space 410112K, 99% used [0x00000000c0000000,0x00000000d905e9a8,0x00000000d9080000)
 Metaspace       used 60536K, committed 62016K, reserved 1114112K
  class space    used 6318K, committed 6976K, reserved 1048576K
}

