# JRE version: OpenJDK Runtime Environment Temurin-21.0.7+6 (21.0.7+6) (build 21.0.7+6-LTS)
# Java VM: OpenJDK 64-Bit Server VM Temurin-21.0.7+6 (21.0.7+6-LTS, mixed mode, sharing, tiered, compressed oops, compressed class ptrs, parallel gc, windows-amd64)
GC Precious Log:
 CardTable entry size: 512
 CPUs: 12 total, 12 available
 Memory: 7521M
 Large Page Support: Disabled
 NUMA Support: Disabled
 Compressed Oops: Enabled (32-bit)
 Alignments: Space 512K, Generation 512K, Heap 2M
 Heap Min Capacity: 100M
 Heap Initial Capacity: 100M
 Heap Max Capacity: 1G
 Pre-touch: Disabled
 Parallel Workers: 10
Heap:
 PSYoungGen      total 6144K, used 3620K [0x00000000eab00000, 0x00000000eb280000, 0x0000000100000000)
  eden space 5120K, 55% used [0x00000000eab00000,0x00000000eadccba8,0x00000000eb000000)
  from space 1024K, 73% used [0x00000000eb180000,0x00000000eb23c7b0,0x00000000eb280000)
  to   space 1024K, 0% used [0x00000000eb080000,0x00000000eb080000,0x00000000eb180000)
 ParOldGen       total 522240K, used 522086K [0x00000000c0000000, 0x00000000dfe00000, 0x00000000eab00000)
  object space 522240K, 99% used [0x00000000c0000000,0x00000000dfdd9860,0x00000000dfe00000)
 Metaspace       used 58375K, committed 59840K, reserved 1114112K
  class space    used 6147K, committed 6784K, reserved 1048576K
GC Heap History (20 events):
Event: 16.033 GC heap before
{Heap before GC invocations=627 (full 3):
 PSYoungGen      total 2560K, used 2419K [0x00000000eab00000, 0x00000000eaf00000, 0x0000000100000000)
  eden space 2048K, 99% used [0x00000000eab00000,0x00000000eacfcd00,0x00000000ead00000)
  from space 512K, 75% used [0x00000000ead00000,0x00000000ead60000,0x00000000ead80000)
  to   space 512K, 0% used [0x00000000eae80000,0x00000000eae80000,0x00000000eaf00000)
 ParOldGen       total 517120K, used 517047K [0x00000000c0000000, 0x00000000df900000, 0x00000000eab00000)
  object space 517120K, 99% used [0x00000000c0000000,0x00000000df8ede80,0x00000000df900000)
 Metaspace       used 58375K, committed 59840K, reserved 1114112K
  class space    used 6147K, committed 6784K, reserved 1048576K
}
Event: 16.033 GC heap after
{Heap after GC invocations=627 (full 3):
 PSYoungGen      total 3072K, used 502K [0x00000000eab00000, 0x00000000eaf80000, 0x0000000100000000)
  eden space 2560K, 0% used [0x00000000eab00000,0x00000000eab00000,0x00000000ead80000)
  from space 512K, 98% used [0x00000000eae80000,0x00000000eaefd808,0x00000000eaf00000)
  to   space 1024K, 0% used [0x00000000ead80000,0x00000000ead80000,0x00000000eae80000)
 ParOldGen       total 517632K, used 517343K [0x00000000c0000000, 0x00000000df980000, 0x00000000eab00000)
  object space 517632K, 99% used [0x00000000c0000000,0x00000000df937e80,0x00000000df980000)
 Metaspace       used 58375K, committed 59840K, reserved 1114112K
  class space    used 6147K, committed 6784K, reserved 1048576K
}
Event: 16.037 GC heap before
{Heap before GC invocations=628 (full 3):
 PSYoungGen      total 3072K, used 3062K [0x00000000eab00000, 0x00000000eaf80000, 0x0000000100000000)
  eden space 2560K, 100% used [0x00000000eab00000,0x00000000ead80000,0x00000000ead80000)
  from space 512K, 98% used [0x00000000eae80000,0x00000000eaefd808,0x00000000eaf00000)
  to   space 1024K, 0% used [0x00000000ead80000,0x00000000ead80000,0x00000000eae80000)
 ParOldGen       total 517632K, used 517343K [0x00000000c0000000, 0x00000000df980000, 0x00000000eab00000)
  object space 517632K, 99% used [0x00000000c0000000,0x00000000df937e80,0x00000000df980000)
 Metaspace       used 58375K, committed 59840K, reserved 1114112K
  class space    used 6147K, committed 6784K, reserved 1048576K
}
Event: 16.038 GC heap after
{Heap after GC invocations=628 (full 3):
 PSYoungGen      total 3584K, used 512K [0x00000000eab00000, 0x00000000eb000000, 0x0000000100000000)
  eden space 2560K, 0% used [0x00000000eab00000,0x00000000eab00000,0x00000000ead80000)
  from space 1024K, 50% used [0x00000000ead80000,0x00000000eae00000,0x00000000eae80000)
  to   space 1024K, 0% used [0x00000000eaf00000,0x00000000eaf00000,0x00000000eb000000)
 ParOldGen       total 518144K, used 517685K [0x00000000c0000000, 0x00000000dfa00000, 0x00000000eab00000)
  object space 518144K, 99% used [0x00000000c0000000,0x00000000df98d688,0x00000000dfa00000)
 Metaspace       used 58375K, committed 59840K, reserved 1114112K
  class space    used 6147K, committed 6784K, reserved 1048576K
}
Event: 16.041 GC heap before
{Heap before GC invocations=629 (full 3):
 PSYoungGen      total 3584K, used 3071K [0x00000000eab00000, 0x00000000eb000000, 0x0000000100000000)
  eden space 2560K, 99% used [0x00000000eab00000,0x00000000ead7fd78,0x00000000ead80000)
  from space 1024K, 50% used [0x00000000ead80000,0x00000000eae00000,0x00000000eae80000)
  to   space 1024K, 0% used [0x00000000eaf00000,0x00000000eaf00000,0x00000000eb000000)
 ParOldGen       total 518144K, used 517685K [0x00000000c0000000, 0x00000000dfa00000, 0x00000000eab00000)
  object space 518144K, 99% used [0x00000000c0000000,0x00000000df98d688,0x00000000dfa00000)
 Metaspace       used 58375K, committed 59840K, reserved 1114112K
  class space    used 6147K, committed 6784K, reserved 1048576K
}
Event: 16.042 GC heap after
{Heap after GC invocations=629 (full 3):
 PSYoungGen      total 3584K, used 480K [0x00000000eab00000, 0x00000000eaf80000, 0x0000000100000000)
  eden space 3072K, 0% used [0x00000000eab00000,0x00000000eab00000,0x00000000eae00000)
  from space 512K, 93% used [0x00000000eaf00000,0x00000000eaf78000,0x00000000eaf80000)
  to   space 512K, 0% used [0x00000000eae80000,0x00000000eae80000,0x00000000eaf00000)
 ParOldGen       total 518144K, used 518101K [0x00000000c0000000, 0x00000000dfa00000, 0x00000000eab00000)
  object space 518144K, 99% used [0x00000000c0000000,0x00000000df9f5688,0x00000000dfa00000)
 Metaspace       used 58375K, committed 59840K, reserved 1114112K
  class space    used 6147K, committed 6784K, reserved 1048576K
}
Event: 16.046 GC heap before
{Heap before GC invocations=630 (full 3):
 PSYoungGen      total 3584K, used 3552K [0x00000000eab00000, 0x00000000eaf80000, 0x0000000100000000)
  eden space 3072K, 100% used [0x00000000eab00000,0x00000000eae00000,0x00000000eae00000)
  from space 512K, 93% used [0x00000000eaf00000,0x00000000eaf78000,0x00000000eaf80000)
  to   space 512K, 0% used [0x00000000eae80000,0x00000000eae80000,0x00000000eaf00000)
 ParOldGen       total 518144K, used 518101K [0x00000000c0000000, 0x00000000dfa00000, 0x00000000eab00000)
  object space 518144K, 99% used [0x00000000c0000000,0x00000000df9f5688,0x00000000dfa00000)
 Metaspace       used 58375K, committed 59840K, reserved 1114112K
  class space    used 6147K, committed 6784K, reserved 1048576K
}
Event: 16.047 GC heap after
{Heap after GC invocations=630 (full 3):
 PSYoungGen      total 4096K, used 512K [0x00000000eab00000, 0x00000000eb100000, 0x0000000100000000)
  eden space 3584K, 0% used [0x00000000eab00000,0x00000000eab00000,0x00000000eae80000)
  from space 512K, 100% used [0x00000000eae80000,0x00000000eaf00000,0x00000000eaf00000)
  to   space 1024K, 0% used [0x00000000eb000000,0x00000000eb000000,0x00000000eb100000)
 ParOldGen       total 518656K, used 518453K [0x00000000c0000000, 0x00000000dfa80000, 0x00000000eab00000)
  object space 518656K, 99% used [0x00000000c0000000,0x00000000dfa4d688,0x00000000dfa80000)
 Metaspace       used 58375K, committed 59840K, reserved 1114112K
  class space    used 6147K, committed 6784K, reserved 1048576K
}
Event: 16.051 GC heap before
{Heap before GC invocations=631 (full 3):
 PSYoungGen      total 4096K, used 4096K [0x00000000eab00000, 0x00000000eb100000, 0x0000000100000000)
  eden space 3584K, 100% used [0x00000000eab00000,0x00000000eae80000,0x00000000eae80000)
  from space 512K, 100% used [0x00000000eae80000,0x00000000eaf00000,0x00000000eaf00000)
  to   space 1024K, 0% used [0x00000000eb000000,0x00000000eb000000,0x00000000eb100000)
 ParOldGen       total 518656K, used 518453K [0x00000000c0000000, 0x00000000dfa80000, 0x00000000eab00000)
  object space 518656K, 99% used [0x00000000c0000000,0x00000000dfa4d688,0x00000000dfa80000)
 Metaspace       used 58375K, committed 59840K, reserved 1114112K
  class space    used 6147K, committed 6784K, reserved 1048576K
}
Event: 16.052 GC heap after
{Heap after GC invocations=631 (full 3):
 PSYoungGen      total 5120K, used 596K [0x00000000eab00000, 0x00000000eb180000, 0x0000000100000000)
  eden space 4096K, 0% used [0x00000000eab00000,0x00000000eab00000,0x00000000eaf00000)
  from space 1024K, 58% used [0x00000000eb000000,0x00000000eb0950e8,0x00000000eb100000)
  to   space 1024K, 0% used [0x00000000eaf00000,0x00000000eaf00000,0x00000000eb000000)
 ParOldGen       total 519168K, used 518861K [0x00000000c0000000, 0x00000000dfb00000, 0x00000000eab00000)
  object space 519168K, 99% used [0x00000000c0000000,0x00000000dfab3688,0x00000000dfb00000)
 Metaspace       used 58375K, committed 59840K, reserved 1114112K
  class space    used 6147K, committed 6784K, reserved 1048576K
}
Event: 16.058 GC heap before
{Heap before GC invocations=632 (full 3):
 PSYoungGen      total 5120K, used 4692K [0x00000000eab00000, 0x00000000eb180000, 0x0000000100000000)
  eden space 4096K, 100% used [0x00000000eab00000,0x00000000eaf00000,0x00000000eaf00000)
  from space 1024K, 58% used [0x00000000eb000000,0x00000000eb0950e8,0x00000000eb100000)
  to   space 1024K, 0% used [0x00000000eaf00000,0x00000000eaf00000,0x00000000eb000000)
 ParOldGen       total 519168K, used 518861K [0x00000000c0000000, 0x00000000dfb00000, 0x00000000eab00000)
  object space 519168K, 99% used [0x00000000c0000000,0x00000000dfab3688,0x00000000dfb00000)
 Metaspace       used 58375K, committed 59840K, reserved 1114112K
  class space    used 6147K, committed 6784K, reserved 1048576K
}
Event: 16.060 GC heap after
{Heap after GC invocations=632 (full 3):
 PSYoungGen      total 5120K, used 748K [0x00000000eab00000, 0x00000000eb200000, 0x0000000100000000)
  eden space 4096K, 0% used [0x00000000eab00000,0x00000000eab00000,0x00000000eaf00000)
  from space 1024K, 73% used [0x00000000eaf00000,0x00000000eafbb008,0x00000000eb000000)
  to   space 1024K, 0% used [0x00000000eb100000,0x00000000eb100000,0x00000000eb200000)
 ParOldGen       total 519680K, used 519317K [0x00000000c0000000, 0x00000000dfb80000, 0x00000000eab00000)
  object space 519680K, 99% used [0x00000000c0000000,0x00000000dfb25688,0x00000000dfb80000)
 Metaspace       used 58375K, committed 59840K, reserved 1114112K
  class space    used 6147K, committed 6784K, reserved 1048576K
}
Event: 16.065 GC heap before
{Heap before GC invocations=633 (full 3):
 PSYoungGen      total 5120K, used 4844K [0x00000000eab00000, 0x00000000eb200000, 0x0000000100000000)
  eden space 4096K, 100% used [0x00000000eab00000,0x00000000eaf00000,0x00000000eaf00000)
  from space 1024K, 73% used [0x00000000eaf00000,0x00000000eafbb008,0x00000000eb000000)
  to   space 1024K, 0% used [0x00000000eb100000,0x00000000eb100000,0x00000000eb200000)
 ParOldGen       total 519680K, used 519317K [0x00000000c0000000, 0x00000000dfb80000, 0x00000000eab00000)
  object space 519680K, 99% used [0x00000000c0000000,0x00000000dfb25688,0x00000000dfb80000)
 Metaspace       used 58375K, committed 59840K, reserved 1114112K
  class space    used 6147K, committed 6784K, reserved 1048576K
}
Event: 16.066 GC heap after
{Heap after GC invocations=633 (full 3):
 PSYoungGen      total 6144K, used 608K [0x00000000eab00000, 0x00000000eb200000, 0x0000000100000000)
  eden space 5120K, 0% used [0x00000000eab00000,0x00000000eab00000,0x00000000eb000000)
  from space 1024K, 59% used [0x00000000eb100000,0x00000000eb198000,0x00000000eb200000)
  to   space 1024K, 0% used [0x00000000eb000000,0x00000000eb000000,0x00000000eb100000)
 ParOldGen       total 520192K, used 519985K [0x00000000c0000000, 0x00000000dfc00000, 0x00000000eab00000)
  object space 520192K, 99% used [0x00000000c0000000,0x00000000dfbcc690,0x00000000dfc00000)
 Metaspace       used 58375K, committed 59840K, reserved 1114112K
  class space    used 6147K, committed 6784K, reserved 1048576K
}
Event: 16.073 GC heap before
{Heap before GC invocations=634 (full 3):
 PSYoungGen      total 6144K, used 5728K [0x00000000eab00000, 0x00000000eb200000, 0x0000000100000000)
  eden space 5120K, 100% used [0x00000000eab00000,0x00000000eb000000,0x00000000eb000000)
  from space 1024K, 59% used [0x00000000eb100000,0x00000000eb198000,0x00000000eb200000)
  to   space 1024K, 0% used [0x00000000eb000000,0x00000000eb000000,0x00000000eb100000)
 ParOldGen       total 520192K, used 519985K [0x00000000c0000000, 0x00000000dfc00000, 0x00000000eab00000)
  object space 520192K, 99% used [0x00000000c0000000,0x00000000dfbcc690,0x00000000dfc00000)
 Metaspace       used 58375K, committed 59840K, reserved 1114112K
  class space    used 6147K, committed 6784K, reserved 1048576K
}
Event: 16.074 GC heap after
{Heap after GC invocations=634 (full 3):
 PSYoungGen      total 6144K, used 840K [0x00000000eab00000, 0x00000000eb300000, 0x0000000100000000)
  eden space 5120K, 0% used [0x00000000eab00000,0x00000000eab00000,0x00000000eb000000)
  from space 1024K, 82% used [0x00000000eb000000,0x00000000eb0d2368,0x00000000eb100000)
  to   space 1024K, 0% used [0x00000000eb200000,0x00000000eb200000,0x00000000eb300000)
 ParOldGen       total 520704K, used 520489K [0x00000000c0000000, 0x00000000dfc80000, 0x00000000eab00000)
  object space 520704K, 99% used [0x00000000c0000000,0x00000000dfc4a690,0x00000000dfc80000)
 Metaspace       used 58375K, committed 59840K, reserved 1114112K
  class space    used 6147K, committed 6784K, reserved 1048576K
}
Event: 16.104 GC heap before
{Heap before GC invocations=635 (full 3):
 PSYoungGen      total 6144K, used 5960K [0x00000000eab00000, 0x00000000eb300000, 0x0000000100000000)
  eden space 5120K, 100% used [0x00000000eab00000,0x00000000eb000000,0x00000000eb000000)
  from space 1024K, 82% used [0x00000000eb000000,0x00000000eb0d2368,0x00000000eb100000)
  to   space 1024K, 0% used [0x00000000eb200000,0x00000000eb200000,0x00000000eb300000)
 ParOldGen       total 520704K, used 520489K [0x00000000c0000000, 0x00000000dfc80000, 0x00000000eab00000)
  object space 520704K, 99% used [0x00000000c0000000,0x00000000dfc4a690,0x00000000dfc80000)
 Metaspace       used 58375K, committed 59840K, reserved 1114112K
  class space    used 6147K, committed 6784K, reserved 1048576K
}
Event: 16.105 GC heap after
{Heap after GC invocations=635 (full 3):
 PSYoungGen      total 5632K, used 512K [0x00000000eab00000, 0x00000000eb280000, 0x0000000100000000)
  eden space 5120K, 0% used [0x00000000eab00000,0x00000000eab00000,0x00000000eb000000)
  from space 512K, 100% used [0x00000000eb200000,0x00000000eb280000,0x00000000eb280000)
  to   space 1024K, 0% used [0x00000000eb080000,0x00000000eb080000,0x00000000eb180000)
 ParOldGen       total 521216K, used 521113K [0x00000000c0000000, 0x00000000dfd00000, 0x00000000eab00000)
  object space 521216K, 99% used [0x00000000c0000000,0x00000000dfce6690,0x00000000dfd00000)
 Metaspace       used 58375K, committed 59840K, reserved 1114112K
  class space    used 6147K, committed 6784K, reserved 1048576K
}
Event: 16.111 GC heap before
{Heap before GC invocations=636 (full 3):
 PSYoungGen      total 5632K, used 5632K [0x00000000eab00000, 0x00000000eb280000, 0x0000000100000000)
  eden space 5120K, 100% used [0x00000000eab00000,0x00000000eb000000,0x00000000eb000000)
  from space 512K, 100% used [0x00000000eb200000,0x00000000eb280000,0x00000000eb280000)
  to   space 1024K, 0% used [0x00000000eb080000,0x00000000eb080000,0x00000000eb180000)
 ParOldGen       total 521216K, used 521113K [0x00000000c0000000, 0x00000000dfd00000, 0x00000000eab00000)
  object space 521216K, 99% used [0x00000000c0000000,0x00000000dfce6690,0x00000000dfd00000)
 Metaspace       used 58375K, committed 59840K, reserved 1114112K
  class space    used 6147K, committed 6784K, reserved 1048576K
}
Event: 16.112 GC heap after
{Heap after GC invocations=636 (full 3):
 PSYoungGen      total 6144K, used 736K [0x00000000eab00000, 0x00000000eb280000, 0x0000000100000000)
  eden space 5120K, 0% used [0x00000000eab00000,0x00000000eab00000,0x00000000eb000000)
  from space 1024K, 71% used [0x00000000eb080000,0x00000000eb138000,0x00000000eb180000)
  to   space 1024K, 0% used [0x00000000eb180000,0x00000000eb180000,0x00000000eb280000)
 ParOldGen       total 521728K, used 521459K [0x00000000c0000000, 0x00000000dfd80000, 0x00000000eab00000)
  object space 521728K, 99% used [0x00000000c0000000,0x00000000dfd3cc58,0x00000000dfd80000)
 Metaspace       used 58375K, committed 59840K, reserved 1114112K
  class space    used 6147K, committed 6784K, reserved 1048576K
}

