# JRE version: Java(TM) SE Runtime Environment (21.0.3+7) (build 21.0.3+7-LTS-152)
# Java VM: Java HotSpot(TM) 64-Bit Server VM (21.0.3+7-LTS-152, mixed mode, sharing, tiered, compressed oops, compressed class ptrs, g1 gc, windows-amd64)
GC Precious Log:
 CardTable entry size: 512
 Card Set container configuration: InlinePtr #cards 5 size 8 Array Of Cards #cards 12 size 40 Howl #buckets 4 coarsen threshold 1843 Howl Bitmap #cards 512 size 80 coarsen threshold 460 Card regions per heap region 1 cards per card region 2048
 CPUs: 16 total, 16 available
 Memory: 7501M
 Large Page Support: Disabled
 NUMA Support: Disabled
 Compressed Oops: Enabled (32-bit)
 Heap Region Size: 1M
 Heap Min Capacity: 8M
 Heap Initial Capacity: 118M
 Heap Max Capacity: 1876M
 Pre-touch: Disabled
 Parallel Workers: 13
 Concurrent Workers: 3
 Concurrent Refinement Workers: 13
 Periodic GC: Disabled
Heap:
 garbage-first heap   total 73728K, used 42694K [0x000000008ac00000, 0x0000000100000000)
  region size 1024K, 8 young (8192K), 2 survivors (2048K)
 Metaspace       used 82855K, committed 83776K, reserved 1179648K
  class space    used 10808K, committed 11264K, reserved 1048576K
GC Heap History (20 events):
Event: 2060.439 GC heap before
{Heap before GC invocations=47 (full 2):
 garbage-first heap   total 73728K, used 64203K [0x000000008ac00000, 0x0000000100000000)
  region size 1024K, 26 young (26624K), 2 survivors (2048K)
 Metaspace       used 82634K, committed 83392K, reserved 1179648K
  class space    used 10822K, committed 11264K, reserved 1048576K
}
Event: 2060.608 GC heap after
{Heap after GC invocations=48 (full 2):
 garbage-first heap   total 73728K, used 39617K [0x000000008ac00000, 0x0000000100000000)
  region size 1024K, 2 young (2048K), 2 survivors (2048K)
 Metaspace       used 82634K, committed 83392K, reserved 1179648K
  class space    used 10822K, committed 11264K, reserved 1048576K
}
Event: 2200.947 GC heap before
{Heap before GC invocations=49 (full 2):
 garbage-first heap   total 73728K, used 64193K [0x000000008ac00000, 0x0000000100000000)
  region size 1024K, 26 young (26624K), 2 survivors (2048K)
 Metaspace       used 82715K, committed 83520K, reserved 1179648K
  class space    used 10823K, committed 11264K, reserved 1048576K
}
Event: 2201.056 GC heap after
{Heap after GC invocations=50 (full 2):
 garbage-first heap   total 73728K, used 40216K [0x000000008ac00000, 0x0000000100000000)
  region size 1024K, 3 young (3072K), 3 survivors (3072K)
 Metaspace       used 82715K, committed 83520K, reserved 1179648K
  class space    used 10823K, committed 11264K, reserved 1048576K
}
Event: 2377.707 GC heap before
{Heap before GC invocations=50 (full 2):
 garbage-first heap   total 73728K, used 62744K [0x000000008ac00000, 0x0000000100000000)
  region size 1024K, 25 young (25600K), 3 survivors (3072K)
 Metaspace       used 82725K, committed 83584K, reserved 1179648K
  class space    used 10823K, committed 11264K, reserved 1048576K
}
Event: 2377.814 GC heap after
{Heap after GC invocations=51 (full 2):
 garbage-first heap   total 73728K, used 37913K [0x000000008ac00000, 0x0000000100000000)
  region size 1024K, 2 young (2048K), 2 survivors (2048K)
 Metaspace       used 82725K, committed 83584K, reserved 1179648K
  class space    used 10823K, committed 11264K, reserved 1048576K
}
Event: 2538.814 GC heap before
{Heap before GC invocations=51 (full 2):
 garbage-first heap   total 73728K, used 63513K [0x000000008ac00000, 0x0000000100000000)
  region size 1024K, 28 young (28672K), 2 survivors (2048K)
 Metaspace       used 83002K, committed 83776K, reserved 1179648K
  class space    used 10857K, committed 11264K, reserved 1048576K
}
Event: 2538.858 GC heap after
{Heap after GC invocations=52 (full 2):
 garbage-first heap   total 73728K, used 38104K [0x000000008ac00000, 0x0000000100000000)
  region size 1024K, 2 young (2048K), 2 survivors (2048K)
 Metaspace       used 83002K, committed 83776K, reserved 1179648K
  class space    used 10857K, committed 11264K, reserved 1048576K
}
Event: 2733.354 GC heap before
{Heap before GC invocations=53 (full 2):
 garbage-first heap   total 73728K, used 64728K [0x000000008ac00000, 0x0000000100000000)
  region size 1024K, 28 young (28672K), 2 survivors (2048K)
 Metaspace       used 82984K, committed 83776K, reserved 1179648K
  class space    used 10844K, committed 11264K, reserved 1048576K
}
Event: 2733.488 GC heap after
{Heap after GC invocations=54 (full 2):
 garbage-first heap   total 73728K, used 38138K [0x000000008ac00000, 0x0000000100000000)
  region size 1024K, 2 young (2048K), 2 survivors (2048K)
 Metaspace       used 82984K, committed 83776K, reserved 1179648K
  class space    used 10844K, committed 11264K, reserved 1048576K
}
Event: 2940.008 GC heap before
{Heap before GC invocations=54 (full 2):
 garbage-first heap   total 73728K, used 64762K [0x000000008ac00000, 0x0000000100000000)
  region size 1024K, 28 young (28672K), 2 survivors (2048K)
 Metaspace       used 82989K, committed 83776K, reserved 1179648K
  class space    used 10844K, committed 11264K, reserved 1048576K
}
Event: 2940.124 GC heap after
{Heap after GC invocations=55 (full 2):
 garbage-first heap   total 73728K, used 37511K [0x000000008ac00000, 0x0000000100000000)
  region size 1024K, 2 young (2048K), 2 survivors (2048K)
 Metaspace       used 82989K, committed 83776K, reserved 1179648K
  class space    used 10844K, committed 11264K, reserved 1048576K
}
Event: 3156.233 GC heap before
{Heap before GC invocations=55 (full 2):
 garbage-first heap   total 73728K, used 65159K [0x000000008ac00000, 0x0000000100000000)
  region size 1024K, 29 young (29696K), 2 survivors (2048K)
 Metaspace       used 82989K, committed 83776K, reserved 1179648K
  class space    used 10844K, committed 11264K, reserved 1048576K
}
Event: 3156.381 GC heap after
{Heap after GC invocations=56 (full 2):
 garbage-first heap   total 73728K, used 37461K [0x000000008ac00000, 0x0000000100000000)
  region size 1024K, 2 young (2048K), 2 survivors (2048K)
 Metaspace       used 82989K, committed 83776K, reserved 1179648K
  class space    used 10844K, committed 11264K, reserved 1048576K
}
Event: 3364.858 GC heap before
{Heap before GC invocations=57 (full 2):
 garbage-first heap   total 73728K, used 65109K [0x000000008ac00000, 0x0000000100000000)
  region size 1024K, 29 young (29696K), 2 survivors (2048K)
 Metaspace       used 82990K, committed 83776K, reserved 1179648K
  class space    used 10844K, committed 11264K, reserved 1048576K
}
Event: 3364.932 GC heap after
{Heap after GC invocations=58 (full 2):
 garbage-first heap   total 73728K, used 37641K [0x000000008ac00000, 0x0000000100000000)
  region size 1024K, 2 young (2048K), 2 survivors (2048K)
 Metaspace       used 82990K, committed 83776K, reserved 1179648K
  class space    used 10844K, committed 11264K, reserved 1048576K
}
Event: 3574.610 GC heap before
{Heap before GC invocations=58 (full 2):
 garbage-first heap   total 73728K, used 65289K [0x000000008ac00000, 0x0000000100000000)
  region size 1024K, 29 young (29696K), 2 survivors (2048K)
 Metaspace       used 82992K, committed 83776K, reserved 1179648K
  class space    used 10844K, committed 11264K, reserved 1048576K
}
Event: 3574.908 GC heap after
{Heap after GC invocations=59 (full 2):
 garbage-first heap   total 73728K, used 37313K [0x000000008ac00000, 0x0000000100000000)
  region size 1024K, 2 young (2048K), 2 survivors (2048K)
 Metaspace       used 82992K, committed 83776K, reserved 1179648K
  class space    used 10844K, committed 11264K, reserved 1048576K
}
Event: 3805.366 GC heap before
{Heap before GC invocations=59 (full 2):
 garbage-first heap   total 73728K, used 65985K [0x000000008ac00000, 0x0000000100000000)
  region size 1024K, 30 young (30720K), 2 survivors (2048K)
 Metaspace       used 82998K, committed 83776K, reserved 1179648K
  class space    used 10844K, committed 11264K, reserved 1048576K
}
Event: 3805.746 GC heap after
{Heap after GC invocations=60 (full 2):
 garbage-first heap   total 73728K, used 37574K [0x000000008ac00000, 0x0000000100000000)
  region size 1024K, 2 young (2048K), 2 survivors (2048K)
 Metaspace       used 82998K, committed 83776K, reserved 1179648K
  class space    used 10844K, committed 11264K, reserved 1048576K
}

