# JRE version: Java(TM) SE Runtime Environment (21.0.3+7) (build 21.0.3+7-LTS-152)
# Java VM: Java HotSpot(TM) 64-Bit Server VM (21.0.3+7-LTS-152, mixed mode, sharing, tiered, compressed oops, compressed class ptrs, g1 gc, windows-amd64)
GC Precious Log:
 CardTable entry size: 512
 Card Set container configuration: InlinePtr #cards 5 size 8 Array Of Cards #cards 12 size 40 Howl #buckets 4 coarsen threshold 1843 Howl Bitmap #cards 512 size 80 coarsen threshold 460 Card regions per heap region 1 cards per card region 2048
 CPUs: 16 total, 16 available
 Memory: 7501M
 Large Page Support: Disabled
 NUMA Support: Disabled
 Compressed Oops: Enabled (32-bit)
 Heap Region Size: 1M
 Heap Min Capacity: 8M
 Heap Initial Capacity: 118M
 Heap Max Capacity: 1876M
 Pre-touch: Disabled
 Parallel Workers: 13
 Concurrent Workers: 3
 Concurrent Refinement Workers: 13
 Periodic GC: Disabled
Heap:
 garbage-first heap   total 109568K, used 58460K [0x000000008ac00000, 0x0000000100000000)
  region size 1024K, 29 young (29696K), 1 survivors (1024K)
 Metaspace       used 75657K, committed 76608K, reserved 1179648K
  class space    used 10091K, committed 10496K, reserved 1048576K
GC Heap History (20 events):
Event: 10178.125 GC heap before
{Heap before GC invocations=86 (full 1):
 garbage-first heap   total 116736K, used 101836K [0x000000008ac00000, 0x0000000100000000)
  region size 1024K, 68 young (69632K), 1 survivors (1024K)
 Metaspace       used 75616K, committed 76608K, reserved 1179648K
  class space    used 10090K, committed 10496K, reserved 1048576K
}
Event: 10178.191 GC heap after
{Heap after GC invocations=87 (full 1):
 garbage-first heap   total 116736K, used 32168K [0x000000008ac00000, 0x0000000100000000)
  region size 1024K, 1 young (1024K), 1 survivors (1024K)
 Metaspace       used 75616K, committed 76608K, reserved 1179648K
  class space    used 10090K, committed 10496K, reserved 1048576K
}
Event: 10360.944 GC heap before
{Heap before GC invocations=87 (full 1):
 garbage-first heap   total 116736K, used 100776K [0x000000008ac00000, 0x0000000100000000)
  region size 1024K, 68 young (69632K), 1 survivors (1024K)
 Metaspace       used 75616K, committed 76608K, reserved 1179648K
  class space    used 10090K, committed 10496K, reserved 1048576K
}
Event: 10361.057 GC heap after
{Heap after GC invocations=88 (full 1):
 garbage-first heap   total 116736K, used 32175K [0x000000008ac00000, 0x0000000100000000)
  region size 1024K, 1 young (1024K), 1 survivors (1024K)
 Metaspace       used 75616K, committed 76608K, reserved 1179648K
  class space    used 10090K, committed 10496K, reserved 1048576K
}
Event: 10542.465 GC heap before
{Heap before GC invocations=89 (full 1):
 garbage-first heap   total 112640K, used 98735K [0x000000008ac00000, 0x0000000100000000)
  region size 1024K, 66 young (67584K), 1 survivors (1024K)
 Metaspace       used 75616K, committed 76608K, reserved 1179648K
  class space    used 10090K, committed 10496K, reserved 1048576K
}
Event: 10542.472 GC heap after
{Heap after GC invocations=90 (full 1):
 garbage-first heap   total 112640K, used 32116K [0x000000008ac00000, 0x0000000100000000)
  region size 1024K, 1 young (1024K), 1 survivors (1024K)
 Metaspace       used 75616K, committed 76608K, reserved 1179648K
  class space    used 10090K, committed 10496K, reserved 1048576K
}
Event: 10722.227 GC heap before
{Heap before GC invocations=90 (full 1):
 garbage-first heap   total 112640K, used 98676K [0x000000008ac00000, 0x0000000100000000)
  region size 1024K, 66 young (67584K), 1 survivors (1024K)
 Metaspace       used 75619K, committed 76608K, reserved 1179648K
  class space    used 10090K, committed 10496K, reserved 1048576K
}
Event: 10722.260 GC heap after
{Heap after GC invocations=91 (full 1):
 garbage-first heap   total 112640K, used 31271K [0x000000008ac00000, 0x0000000100000000)
  region size 1024K, 1 young (1024K), 1 survivors (1024K)
 Metaspace       used 75619K, committed 76608K, reserved 1179648K
  class space    used 10090K, committed 10496K, reserved 1048576K
}
Event: 10903.963 GC heap before
{Heap before GC invocations=91 (full 1):
 garbage-first heap   total 112640K, used 97831K [0x000000008ac00000, 0x0000000100000000)
  region size 1024K, 66 young (67584K), 1 survivors (1024K)
 Metaspace       used 75619K, committed 76608K, reserved 1179648K
  class space    used 10090K, committed 10496K, reserved 1048576K
}
Event: 10904.027 GC heap after
{Heap after GC invocations=92 (full 1):
 garbage-first heap   total 112640K, used 31291K [0x000000008ac00000, 0x0000000100000000)
  region size 1024K, 1 young (1024K), 1 survivors (1024K)
 Metaspace       used 75619K, committed 76608K, reserved 1179648K
  class space    used 10090K, committed 10496K, reserved 1048576K
}
Event: 11077.544 GC heap before
{Heap before GC invocations=93 (full 1):
 garbage-first heap   total 112640K, used 97851K [0x000000008ac00000, 0x0000000100000000)
  region size 1024K, 66 young (67584K), 1 survivors (1024K)
 Metaspace       used 75622K, committed 76608K, reserved 1179648K
  class space    used 10090K, committed 10496K, reserved 1048576K
}
Event: 11077.554 GC heap after
{Heap after GC invocations=94 (full 1):
 garbage-first heap   total 163840K, used 31276K [0x000000008ac00000, 0x0000000100000000)
  region size 1024K, 1 young (1024K), 1 survivors (1024K)
 Metaspace       used 75622K, committed 76608K, reserved 1179648K
  class space    used 10090K, committed 10496K, reserved 1048576K
}
Event: 11834.834 GC heap before
{Heap before GC invocations=94 (full 1):
 garbage-first heap   total 163840K, used 128556K [0x000000008ac00000, 0x0000000100000000)
  region size 1024K, 96 young (98304K), 1 survivors (1024K)
 Metaspace       used 75650K, committed 76608K, reserved 1179648K
  class space    used 10090K, committed 10496K, reserved 1048576K
}
Event: 11834.904 GC heap after
{Heap after GC invocations=95 (full 1):
 garbage-first heap   total 163840K, used 30979K [0x000000008ac00000, 0x0000000100000000)
  region size 1024K, 1 young (1024K), 1 survivors (1024K)
 Metaspace       used 75650K, committed 76608K, reserved 1179648K
  class space    used 10090K, committed 10496K, reserved 1048576K
}
Event: 12118.537 GC heap before
{Heap before GC invocations=95 (full 1):
 garbage-first heap   total 163840K, used 128259K [0x000000008ac00000, 0x0000000100000000)
  region size 1024K, 96 young (98304K), 1 survivors (1024K)
 Metaspace       used 75650K, committed 76608K, reserved 1179648K
  class space    used 10090K, committed 10496K, reserved 1048576K
}
Event: 12118.614 GC heap after
{Heap after GC invocations=96 (full 1):
 garbage-first heap   total 163840K, used 30909K [0x000000008ac00000, 0x0000000100000000)
  region size 1024K, 1 young (1024K), 1 survivors (1024K)
 Metaspace       used 75650K, committed 76608K, reserved 1179648K
  class space    used 10090K, committed 10496K, reserved 1048576K
}
Event: 12280.484 GC heap before
{Heap before GC invocations=97 (full 1):
 garbage-first heap   total 109568K, used 95421K [0x000000008ac00000, 0x0000000100000000)
  region size 1024K, 64 young (65536K), 1 survivors (1024K)
 Metaspace       used 75650K, committed 76608K, reserved 1179648K
  class space    used 10090K, committed 10496K, reserved 1048576K
}
Event: 12280.511 GC heap after
{Heap after GC invocations=98 (full 1):
 garbage-first heap   total 109568K, used 30909K [0x000000008ac00000, 0x0000000100000000)
  region size 1024K, 1 young (1024K), 1 survivors (1024K)
 Metaspace       used 75650K, committed 76608K, reserved 1179648K
  class space    used 10090K, committed 10496K, reserved 1048576K
}
Event: 12446.112 GC heap before
{Heap before GC invocations=98 (full 1):
 garbage-first heap   total 109568K, used 95421K [0x000000008ac00000, 0x0000000100000000)
  region size 1024K, 64 young (65536K), 1 survivors (1024K)
 Metaspace       used 75652K, committed 76608K, reserved 1179648K
  class space    used 10090K, committed 10496K, reserved 1048576K
}
Event: 12446.181 GC heap after
{Heap after GC invocations=99 (full 1):
 garbage-first heap   total 109568K, used 30812K [0x000000008ac00000, 0x0000000100000000)
  region size 1024K, 1 young (1024K), 1 survivors (1024K)
 Metaspace       used 75652K, committed 76608K, reserved 1179648K
  class space    used 10090K, committed 10496K, reserved 1048576K
}

