# JRE version: Java(TM) SE Runtime Environment (21.0.3+7) (build 21.0.3+7-LTS-152)
# Java VM: Java HotSpot(TM) 64-Bit Server VM (21.0.3+7-LTS-152, mixed mode, sharing, tiered, compressed oops, compressed class ptrs, g1 gc, windows-amd64)
GC Precious Log:
 CardTable entry size: 512
 Card Set container configuration: InlinePtr #cards 5 size 8 Array Of Cards #cards 12 size 40 Howl #buckets 4 coarsen threshold 1843 Howl Bitmap #cards 512 size 80 coarsen threshold 460 Card regions per heap region 1 cards per card region 2048
 CPUs: 16 total, 16 available
 Memory: 7501M
 Large Page Support: Disabled
 NUMA Support: Disabled
 Compressed Oops: Enabled (32-bit)
 Heap Region Size: 1M
 Heap Min Capacity: 8M
 Heap Initial Capacity: 118M
 Heap Max Capacity: 1876M
 Pre-touch: Disabled
 Parallel Workers: 13
 Concurrent Workers: 3
 Concurrent Refinement Workers: 13
 Periodic GC: Disabled
Heap:
 garbage-first heap   total 71680K, used 49830K [0x000000008ac00000, 0x0000000100000000)
  region size 1024K, 24 young (24576K), 3 survivors (3072K)
 Metaspace       used 69974K, committed 70784K, reserved 1114112K
  class space    used 9178K, committed 9536K, reserved 1048576K
GC Heap History (20 events):
Event: 172.977 GC heap before
{Heap before GC invocations=19 (full 1):
 garbage-first heap   total 56320K, used 44205K [0x000000008ac00000, 0x0000000100000000)
  region size 1024K, 18 young (18432K), 3 survivors (3072K)
 Metaspace       used 68274K, committed 68992K, reserved 1114112K
  class space    used 9092K, committed 9408K, reserved 1048576K
}
Event: 172.986 GC heap after
{Heap after GC invocations=20 (full 1):
 garbage-first heap   total 56320K, used 30565K [0x000000008ac00000, 0x0000000100000000)
  region size 1024K, 2 young (2048K), 2 survivors (2048K)
 Metaspace       used 68274K, committed 68992K, reserved 1114112K
  class space    used 9092K, committed 9408K, reserved 1048576K
}
Event: 175.210 GC heap before
{Heap before GC invocations=20 (full 1):
 garbage-first heap   total 56320K, used 45925K [0x000000008ac00000, 0x0000000100000000)
  region size 1024K, 17 young (17408K), 2 survivors (2048K)
 Metaspace       used 68645K, committed 69440K, reserved 1114112K
  class space    used 9136K, committed 9472K, reserved 1048576K
}
Event: 175.216 GC heap after
{Heap after GC invocations=21 (full 1):
 garbage-first heap   total 56320K, used 32271K [0x000000008ac00000, 0x0000000100000000)
  region size 1024K, 3 young (3072K), 3 survivors (3072K)
 Metaspace       used 68645K, committed 69440K, reserved 1114112K
  class space    used 9136K, committed 9472K, reserved 1048576K
}
Event: 176.094 GC heap before
{Heap before GC invocations=21 (full 1):
 garbage-first heap   total 56320K, used 45583K [0x000000008ac00000, 0x0000000100000000)
  region size 1024K, 16 young (16384K), 3 survivors (3072K)
 Metaspace       used 68774K, committed 69504K, reserved 1114112K
  class space    used 9139K, committed 9472K, reserved 1048576K
}
Event: 176.103 GC heap after
{Heap after GC invocations=22 (full 1):
 garbage-first heap   total 56320K, used 33429K [0x000000008ac00000, 0x0000000100000000)
  region size 1024K, 2 young (2048K), 2 survivors (2048K)
 Metaspace       used 68774K, committed 69504K, reserved 1114112K
  class space    used 9139K, committed 9472K, reserved 1048576K
}
Event: 253.433 GC heap before
{Heap before GC invocations=23 (full 1):
 garbage-first heap   total 63488K, used 45717K [0x000000008ac00000, 0x0000000100000000)
  region size 1024K, 15 young (15360K), 2 survivors (2048K)
 Metaspace       used 68907K, committed 69632K, reserved 1114112K
  class space    used 9141K, committed 9472K, reserved 1048576K
}
Event: 253.456 GC heap after
{Heap after GC invocations=24 (full 1):
 garbage-first heap   total 63488K, used 33848K [0x000000008ac00000, 0x0000000100000000)
  region size 1024K, 1 young (1024K), 1 survivors (1024K)
 Metaspace       used 68907K, committed 69632K, reserved 1114112K
  class space    used 9141K, committed 9472K, reserved 1048576K
}
Event: 269.840 GC heap before
{Heap before GC invocations=24 (full 1):
 garbage-first heap   total 63488K, used 53304K [0x000000008ac00000, 0x0000000100000000)
  region size 1024K, 21 young (21504K), 1 survivors (1024K)
 Metaspace       used 68990K, committed 69760K, reserved 1114112K
  class space    used 9146K, committed 9472K, reserved 1048576K
}
Event: 269.852 GC heap after
{Heap after GC invocations=25 (full 1):
 garbage-first heap   total 63488K, used 36023K [0x000000008ac00000, 0x0000000100000000)
  region size 1024K, 3 young (3072K), 3 survivors (3072K)
 Metaspace       used 68990K, committed 69760K, reserved 1114112K
  class space    used 9146K, committed 9472K, reserved 1048576K
}
Event: 270.843 GC heap before
{Heap before GC invocations=25 (full 1):
 garbage-first heap   total 63488K, used 53431K [0x000000008ac00000, 0x0000000100000000)
  region size 1024K, 21 young (21504K), 3 survivors (3072K)
 Metaspace       used 69149K, committed 69888K, reserved 1114112K
  class space    used 9149K, committed 9472K, reserved 1048576K
}
Event: 270.852 GC heap after
{Heap after GC invocations=26 (full 1):
 garbage-first heap   total 63488K, used 38138K [0x000000008ac00000, 0x0000000100000000)
  region size 1024K, 3 young (3072K), 3 survivors (3072K)
 Metaspace       used 69149K, committed 69888K, reserved 1114112K
  class space    used 9149K, committed 9472K, reserved 1048576K
}
Event: 272.408 GC heap before
{Heap before GC invocations=27 (full 1):
 garbage-first heap   total 71680K, used 52474K [0x000000008ac00000, 0x0000000100000000)
  region size 1024K, 18 young (18432K), 3 survivors (3072K)
 Metaspace       used 69569K, committed 70336K, reserved 1114112K
  class space    used 9164K, committed 9536K, reserved 1048576K
}
Event: 272.420 GC heap after
{Heap after GC invocations=28 (full 1):
 garbage-first heap   total 71680K, used 38630K [0x000000008ac00000, 0x0000000100000000)
  region size 1024K, 2 young (2048K), 2 survivors (2048K)
 Metaspace       used 69569K, committed 70336K, reserved 1114112K
  class space    used 9164K, committed 9536K, reserved 1048576K
}
Event: 492.786 GC heap before
{Heap before GC invocations=28 (full 1):
 garbage-first heap   total 71680K, used 62182K [0x000000008ac00000, 0x0000000100000000)
  region size 1024K, 25 young (25600K), 2 survivors (2048K)
 Metaspace       used 69710K, committed 70528K, reserved 1114112K
  class space    used 9165K, committed 9536K, reserved 1048576K
}
Event: 492.965 GC heap after
{Heap after GC invocations=29 (full 1):
 garbage-first heap   total 71680K, used 38336K [0x000000008ac00000, 0x0000000100000000)
  region size 1024K, 3 young (3072K), 3 survivors (3072K)
 Metaspace       used 69710K, committed 70528K, reserved 1114112K
  class space    used 9165K, committed 9536K, reserved 1048576K
}
Event: 676.384 GC heap before
{Heap before GC invocations=29 (full 1):
 garbage-first heap   total 71680K, used 50624K [0x000000008ac00000, 0x0000000100000000)
  region size 1024K, 16 young (16384K), 3 survivors (3072K)
 Metaspace       used 69744K, committed 70528K, reserved 1114112K
  class space    used 9165K, committed 9536K, reserved 1048576K
}
Event: 677.927 GC heap after
{Heap after GC invocations=30 (full 2):
 garbage-first heap   total 71680K, used 27302K [0x000000008ac00000, 0x0000000100000000)
  region size 1024K, 0 young (0K), 0 survivors (0K)
 Metaspace       used 69739K, committed 70528K, reserved 1114112K
  class space    used 9164K, committed 9536K, reserved 1048576K
}
Event: 692.730 GC heap before
{Heap before GC invocations=30 (full 2):
 garbage-first heap   total 71680K, used 59046K [0x000000008ac00000, 0x0000000100000000)
  region size 1024K, 32 young (32768K), 0 survivors (0K)
 Metaspace       used 69867K, committed 70656K, reserved 1114112K
  class space    used 9170K, committed 9536K, reserved 1048576K
}
Event: 692.781 GC heap after
{Heap after GC invocations=31 (full 2):
 garbage-first heap   total 71680K, used 30374K [0x000000008ac00000, 0x0000000100000000)
  region size 1024K, 3 young (3072K), 3 survivors (3072K)
 Metaspace       used 69867K, committed 70656K, reserved 1114112K
  class space    used 9170K, committed 9536K, reserved 1048576K
}

