# JRE version: OpenJDK Runtime Environment Temurin-21.0.7+6 (21.0.7+6) (build 21.0.7+6-LTS)
# Java VM: OpenJDK 64-Bit Server VM Temurin-21.0.7+6 (21.0.7+6-LTS, mixed mode, sharing, tiered, compressed oops, compressed class ptrs, parallel gc, windows-amd64)
GC Precious Log:
 CardTable entry size: 512
 CPUs: 16 total, 16 available
 Memory: 7501M
 Large Page Support: Disabled
 NUMA Support: Disabled
 Compressed Oops: Enabled (32-bit)
 Alignments: Space 512K, Generation 512K, Heap 2M
 Heap Min Capacity: 100M
 Heap Initial Capacity: 100M
 Heap Max Capacity: 1G
 Pre-touch: Disabled
 Parallel Workers: 13
Heap:
 PSYoungGen      total 2048K, used 2048K [0x00000000eab00000, 0x00000000eb000000, 0x0000000100000000)
  eden space 1536K, 100% used [0x00000000eab00000,0x00000000eac80000,0x00000000eac80000)
  from space 512K, 100% used [0x00000000eae00000,0x00000000eae80000,0x00000000eae80000)
  to   space 1536K, 49% used [0x00000000eac80000,0x00000000ead3d200,0x00000000eae00000)
 ParOldGen       total 449536K, used 449220K [0x00000000c0000000, 0x00000000db700000, 0x00000000eab00000)
  object space 449536K, 99% used [0x00000000c0000000,0x00000000db6b10f0,0x00000000db700000)
 Metaspace       used 66388K, committed 68032K, reserved 1114112K
  class space    used 6717K, committed 7424K, reserved 1048576K
GC Heap History (20 events):
Event: 39.662 GC heap after
{Heap after GC invocations=371 (full 3):
 PSYoungGen      total 3072K, used 736K [0x00000000eab00000, 0x00000000eaf80000, 0x0000000100000000)
  eden space 2048K, 0% used [0x00000000eab00000,0x00000000eab00000,0x00000000ead00000)
  from space 1024K, 71% used [0x00000000eae80000,0x00000000eaf38000,0x00000000eaf80000)
  to   space 1024K, 0% used [0x00000000ead00000,0x00000000ead00000,0x00000000eae00000)
 ParOldGen       total 443392K, used 443015K [0x00000000c0000000, 0x00000000db100000, 0x00000000eab00000)
  object space 443392K, 99% used [0x00000000c0000000,0x00000000db0a1d30,0x00000000db100000)
 Metaspace       used 66039K, committed 67648K, reserved 1114112K
  class space    used 6710K, committed 7424K, reserved 1048576K
}
Event: 40.242 GC heap before
{Heap before GC invocations=372 (full 3):
 PSYoungGen      total 3072K, used 2784K [0x00000000eab00000, 0x00000000eaf80000, 0x0000000100000000)
  eden space 2048K, 100% used [0x00000000eab00000,0x00000000ead00000,0x00000000ead00000)
  from space 1024K, 71% used [0x00000000eae80000,0x00000000eaf38000,0x00000000eaf80000)
  to   space 1024K, 0% used [0x00000000ead00000,0x00000000ead00000,0x00000000eae00000)
 ParOldGen       total 443392K, used 443015K [0x00000000c0000000, 0x00000000db100000, 0x00000000eab00000)
  object space 443392K, 99% used [0x00000000c0000000,0x00000000db0a1d30,0x00000000db100000)
 Metaspace       used 66056K, committed 67648K, reserved 1114112K
  class space    used 6710K, committed 7424K, reserved 1048576K
}
Event: 40.247 GC heap after
{Heap after GC invocations=372 (full 3):
 PSYoungGen      total 3072K, used 928K [0x00000000eab00000, 0x00000000eaf00000, 0x0000000100000000)
  eden space 2048K, 0% used [0x00000000eab00000,0x00000000eab00000,0x00000000ead00000)
  from space 1024K, 90% used [0x00000000ead00000,0x00000000eade8000,0x00000000eae00000)
  to   space 1024K, 0% used [0x00000000eae00000,0x00000000eae00000,0x00000000eaf00000)
 ParOldGen       total 443904K, used 443535K [0x00000000c0000000, 0x00000000db180000, 0x00000000eab00000)
  object space 443904K, 99% used [0x00000000c0000000,0x00000000db123d30,0x00000000db180000)
 Metaspace       used 66056K, committed 67648K, reserved 1114112K
  class space    used 6710K, committed 7424K, reserved 1048576K
}
Event: 40.307 GC heap before
{Heap before GC invocations=373 (full 3):
 PSYoungGen      total 3072K, used 2976K [0x00000000eab00000, 0x00000000eaf00000, 0x0000000100000000)
  eden space 2048K, 100% used [0x00000000eab00000,0x00000000ead00000,0x00000000ead00000)
  from space 1024K, 90% used [0x00000000ead00000,0x00000000eade8000,0x00000000eae00000)
  to   space 1024K, 0% used [0x00000000eae00000,0x00000000eae00000,0x00000000eaf00000)
 ParOldGen       total 443904K, used 443535K [0x00000000c0000000, 0x00000000db180000, 0x00000000eab00000)
  object space 443904K, 99% used [0x00000000c0000000,0x00000000db123d30,0x00000000db180000)
 Metaspace       used 66069K, committed 67712K, reserved 1114112K
  class space    used 6711K, committed 7424K, reserved 1048576K
}
Event: 40.311 GC heap after
{Heap after GC invocations=373 (full 3):
 PSYoungGen      total 2048K, used 1024K [0x00000000eab00000, 0x00000000eb100000, 0x0000000100000000)
  eden space 1024K, 0% used [0x00000000eab00000,0x00000000eab00000,0x00000000eac00000)
  from space 1024K, 100% used [0x00000000eae00000,0x00000000eaf00000,0x00000000eaf00000)
  to   space 2048K, 0% used [0x00000000eac00000,0x00000000eac00000,0x00000000eae00000)
 ParOldGen       total 444416K, used 444346K [0x00000000c0000000, 0x00000000db200000, 0x00000000eab00000)
  object space 444416K, 99% used [0x00000000c0000000,0x00000000db1eeb40,0x00000000db200000)
 Metaspace       used 66069K, committed 67712K, reserved 1114112K
  class space    used 6711K, committed 7424K, reserved 1048576K
}
Event: 40.384 GC heap before
{Heap before GC invocations=374 (full 3):
 PSYoungGen      total 2048K, used 2048K [0x00000000eab00000, 0x00000000eb100000, 0x0000000100000000)
  eden space 1024K, 100% used [0x00000000eab00000,0x00000000eac00000,0x00000000eac00000)
  from space 1024K, 100% used [0x00000000eae00000,0x00000000eaf00000,0x00000000eaf00000)
  to   space 2048K, 0% used [0x00000000eac00000,0x00000000eac00000,0x00000000eae00000)
 ParOldGen       total 444416K, used 444346K [0x00000000c0000000, 0x00000000db200000, 0x00000000eab00000)
  object space 444416K, 99% used [0x00000000c0000000,0x00000000db1eeb40,0x00000000db200000)
 Metaspace       used 66114K, committed 67712K, reserved 1114112K
  class space    used 6711K, committed 7424K, reserved 1048576K
}
Event: 42.249 GC heap after
{Heap after GC invocations=374 (full 3):
 PSYoungGen      total 1536K, used 416K [0x00000000eab00000, 0x00000000eae80000, 0x0000000100000000)
  eden space 1024K, 0% used [0x00000000eab00000,0x00000000eab00000,0x00000000eac00000)
  from space 512K, 81% used [0x00000000eac00000,0x00000000eac68000,0x00000000eac80000)
  to   space 1024K, 0% used [0x00000000ead80000,0x00000000ead80000,0x00000000eae80000)
 ParOldGen       total 445440K, used 445338K [0x00000000c0000000, 0x00000000db300000, 0x00000000eab00000)
  object space 445440K, 99% used [0x00000000c0000000,0x00000000db2e6b40,0x00000000db300000)
 Metaspace       used 66114K, committed 67712K, reserved 1114112K
  class space    used 6711K, committed 7424K, reserved 1048576K
}
Event: 42.305 GC heap before
{Heap before GC invocations=375 (full 3):
 PSYoungGen      total 1536K, used 1440K [0x00000000eab00000, 0x00000000eae80000, 0x0000000100000000)
  eden space 1024K, 100% used [0x00000000eab00000,0x00000000eac00000,0x00000000eac00000)
  from space 512K, 81% used [0x00000000eac00000,0x00000000eac68000,0x00000000eac80000)
  to   space 1024K, 0% used [0x00000000ead80000,0x00000000ead80000,0x00000000eae80000)
 ParOldGen       total 445440K, used 445338K [0x00000000c0000000, 0x00000000db300000, 0x00000000eab00000)
  object space 445440K, 99% used [0x00000000c0000000,0x00000000db2e6b40,0x00000000db300000)
 Metaspace       used 66161K, committed 67776K, reserved 1114112K
  class space    used 6711K, committed 7424K, reserved 1048576K
}
Event: 42.308 GC heap after
{Heap after GC invocations=375 (full 3):
 PSYoungGen      total 2560K, used 512K [0x00000000eab00000, 0x00000000eae80000, 0x0000000100000000)
  eden space 1536K, 0% used [0x00000000eab00000,0x00000000eab00000,0x00000000eac80000)
  from space 1024K, 50% used [0x00000000ead80000,0x00000000eae00000,0x00000000eae80000)
  to   space 1024K, 0% used [0x00000000eac80000,0x00000000eac80000,0x00000000ead80000)
 ParOldGen       total 445952K, used 445554K [0x00000000c0000000, 0x00000000db380000, 0x00000000eab00000)
  object space 445952K, 99% used [0x00000000c0000000,0x00000000db31cb40,0x00000000db380000)
 Metaspace       used 66161K, committed 67776K, reserved 1114112K
  class space    used 6711K, committed 7424K, reserved 1048576K
}
Event: 42.354 GC heap before
{Heap before GC invocations=376 (full 3):
 PSYoungGen      total 2560K, used 2048K [0x00000000eab00000, 0x00000000eae80000, 0x0000000100000000)
  eden space 1536K, 100% used [0x00000000eab00000,0x00000000eac80000,0x00000000eac80000)
  from space 1024K, 50% used [0x00000000ead80000,0x00000000eae00000,0x00000000eae80000)
  to   space 1024K, 0% used [0x00000000eac80000,0x00000000eac80000,0x00000000ead80000)
 ParOldGen       total 445952K, used 445554K [0x00000000c0000000, 0x00000000db380000, 0x00000000eab00000)
  object space 445952K, 99% used [0x00000000c0000000,0x00000000db31cb40,0x00000000db380000)
 Metaspace       used 66175K, committed 67776K, reserved 1114112K
  class space    used 6712K, committed 7424K, reserved 1048576K
}
Event: 42.358 GC heap after
{Heap after GC invocations=376 (full 3):
 PSYoungGen      total 2560K, used 602K [0x00000000eab00000, 0x00000000eae80000, 0x0000000100000000)
  eden space 1536K, 0% used [0x00000000eab00000,0x00000000eab00000,0x00000000eac80000)
  from space 1024K, 58% used [0x00000000eac80000,0x00000000ead16900,0x00000000ead80000)
  to   space 1024K, 0% used [0x00000000ead80000,0x00000000ead80000,0x00000000eae80000)
 ParOldGen       total 445952K, used 445859K [0x00000000c0000000, 0x00000000db380000, 0x00000000eab00000)
  object space 445952K, 99% used [0x00000000c0000000,0x00000000db368fa0,0x00000000db380000)
 Metaspace       used 66175K, committed 67776K, reserved 1114112K
  class space    used 6712K, committed 7424K, reserved 1048576K
}
Event: 43.401 GC heap before
{Heap before GC invocations=377 (full 3):
 PSYoungGen      total 2560K, used 2137K [0x00000000eab00000, 0x00000000eae80000, 0x0000000100000000)
  eden space 1536K, 99% used [0x00000000eab00000,0x00000000eac7fd88,0x00000000eac80000)
  from space 1024K, 58% used [0x00000000eac80000,0x00000000ead16900,0x00000000ead80000)
  to   space 1024K, 0% used [0x00000000ead80000,0x00000000ead80000,0x00000000eae80000)
 ParOldGen       total 445952K, used 445859K [0x00000000c0000000, 0x00000000db380000, 0x00000000eab00000)
  object space 445952K, 99% used [0x00000000c0000000,0x00000000db368fa0,0x00000000db380000)
 Metaspace       used 66189K, committed 67776K, reserved 1114112K
  class space    used 6712K, committed 7424K, reserved 1048576K
}
Event: 43.404 GC heap after
{Heap after GC invocations=377 (full 3):
 PSYoungGen      total 2048K, used 416K [0x00000000eab00000, 0x00000000eae00000, 0x0000000100000000)
  eden space 1536K, 0% used [0x00000000eab00000,0x00000000eab00000,0x00000000eac80000)
  from space 512K, 81% used [0x00000000ead80000,0x00000000eade8000,0x00000000eae00000)
  to   space 512K, 0% used [0x00000000ead00000,0x00000000ead00000,0x00000000ead80000)
 ParOldGen       total 446464K, used 446314K [0x00000000c0000000, 0x00000000db400000, 0x00000000eab00000)
  object space 446464K, 99% used [0x00000000c0000000,0x00000000db3da960,0x00000000db400000)
 Metaspace       used 66189K, committed 67776K, reserved 1114112K
  class space    used 6712K, committed 7424K, reserved 1048576K
}
Event: 43.424 GC heap before
{Heap before GC invocations=378 (full 3):
 PSYoungGen      total 2048K, used 1951K [0x00000000eab00000, 0x00000000eae00000, 0x0000000100000000)
  eden space 1536K, 99% used [0x00000000eab00000,0x00000000eac7fff0,0x00000000eac80000)
  from space 512K, 81% used [0x00000000ead80000,0x00000000eade8000,0x00000000eae00000)
  to   space 512K, 0% used [0x00000000ead00000,0x00000000ead00000,0x00000000ead80000)
 ParOldGen       total 446464K, used 446314K [0x00000000c0000000, 0x00000000db400000, 0x00000000eab00000)
  object space 446464K, 99% used [0x00000000c0000000,0x00000000db3da960,0x00000000db400000)
 Metaspace       used 66196K, committed 67840K, reserved 1114112K
  class space    used 6712K, committed 7424K, reserved 1048576K
}
Event: 43.428 GC heap after
{Heap after GC invocations=378 (full 3):
 PSYoungGen      total 2048K, used 512K [0x00000000eab00000, 0x00000000eaf80000, 0x0000000100000000)
  eden space 1536K, 0% used [0x00000000eab00000,0x00000000eab00000,0x00000000eac80000)
  from space 512K, 100% used [0x00000000ead00000,0x00000000ead80000,0x00000000ead80000)
  to   space 1536K, 0% used [0x00000000eae00000,0x00000000eae00000,0x00000000eaf80000)
 ParOldGen       total 446976K, used 446890K [0x00000000c0000000, 0x00000000db480000, 0x00000000eab00000)
  object space 446976K, 99% used [0x00000000c0000000,0x00000000db46a960,0x00000000db480000)
 Metaspace       used 66196K, committed 67840K, reserved 1114112K
  class space    used 6712K, committed 7424K, reserved 1048576K
}
Event: 43.461 GC heap before
{Heap before GC invocations=379 (full 3):
 PSYoungGen      total 2048K, used 2048K [0x00000000eab00000, 0x00000000eaf80000, 0x0000000100000000)
  eden space 1536K, 100% used [0x00000000eab00000,0x00000000eac80000,0x00000000eac80000)
  from space 512K, 100% used [0x00000000ead00000,0x00000000ead80000,0x00000000ead80000)
  to   space 1536K, 0% used [0x00000000eae00000,0x00000000eae00000,0x00000000eaf80000)
 ParOldGen       total 446976K, used 446890K [0x00000000c0000000, 0x00000000db480000, 0x00000000eab00000)
  object space 446976K, 99% used [0x00000000c0000000,0x00000000db46a960,0x00000000db480000)
 Metaspace       used 66229K, committed 67840K, reserved 1114112K
  class space    used 6712K, committed 7424K, reserved 1048576K
}
Event: 43.465 GC heap after
{Heap after GC invocations=379 (full 3):
 PSYoungGen      total 2560K, used 576K [0x00000000eab00000, 0x00000000eaf00000, 0x0000000100000000)
  eden space 1536K, 0% used [0x00000000eab00000,0x00000000eab00000,0x00000000eac80000)
  from space 1024K, 56% used [0x00000000eae00000,0x00000000eae90000,0x00000000eaf00000)
  to   space 1024K, 0% used [0x00000000ead00000,0x00000000ead00000,0x00000000eae00000)
 ParOldGen       total 447488K, used 447466K [0x00000000c0000000, 0x00000000db500000, 0x00000000eab00000)
  object space 447488K, 99% used [0x00000000c0000000,0x00000000db4fa960,0x00000000db500000)
 Metaspace       used 66229K, committed 67840K, reserved 1114112K
  class space    used 6712K, committed 7424K, reserved 1048576K
}
Event: 43.542 GC heap before
{Heap before GC invocations=380 (full 3):
 PSYoungGen      total 2560K, used 2112K [0x00000000eab00000, 0x00000000eaf00000, 0x0000000100000000)
  eden space 1536K, 100% used [0x00000000eab00000,0x00000000eac80000,0x00000000eac80000)
  from space 1024K, 56% used [0x00000000eae00000,0x00000000eae90000,0x00000000eaf00000)
  to   space 1024K, 0% used [0x00000000ead00000,0x00000000ead00000,0x00000000eae00000)
 ParOldGen       total 447488K, used 447466K [0x00000000c0000000, 0x00000000db500000, 0x00000000eab00000)
  object space 447488K, 99% used [0x00000000c0000000,0x00000000db4fa960,0x00000000db500000)
 Metaspace       used 66336K, committed 67968K, reserved 1114112K
  class space    used 6712K, committed 7424K, reserved 1048576K
}
Event: 43.545 GC heap after
{Heap after GC invocations=380 (full 3):
 PSYoungGen      total 2560K, used 704K [0x00000000eab00000, 0x00000000eae80000, 0x0000000100000000)
  eden space 1536K, 0% used [0x00000000eab00000,0x00000000eab00000,0x00000000eac80000)
  from space 1024K, 68% used [0x00000000ead00000,0x00000000eadb0000,0x00000000eae00000)
  to   space 512K, 0% used [0x00000000eae00000,0x00000000eae00000,0x00000000eae80000)
 ParOldGen       total 448000K, used 447770K [0x00000000c0000000, 0x00000000db580000, 0x00000000eab00000)
  object space 448000K, 99% used [0x00000000c0000000,0x00000000db546960,0x00000000db580000)
 Metaspace       used 66336K, committed 67968K, reserved 1114112K
  class space    used 6712K, committed 7424K, reserved 1048576K
}
Event: 44.573 GC heap before
{Heap before GC invocations=381 (full 3):
 PSYoungGen      total 2560K, used 2239K [0x00000000eab00000, 0x00000000eae80000, 0x0000000100000000)
  eden space 1536K, 99% used [0x00000000eab00000,0x00000000eac7ff68,0x00000000eac80000)
  from space 1024K, 68% used [0x00000000ead00000,0x00000000eadb0000,0x00000000eae00000)
  to   space 512K, 0% used [0x00000000eae00000,0x00000000eae00000,0x00000000eae80000)
 ParOldGen       total 448000K, used 447770K [0x00000000c0000000, 0x00000000db580000, 0x00000000eab00000)
  object space 448000K, 99% used [0x00000000c0000000,0x00000000db546960,0x00000000db580000)
 Metaspace       used 66339K, committed 67968K, reserved 1114112K
  class space    used 6712K, committed 7424K, reserved 1048576K
}

