# JRE version: OpenJDK Runtime Environment Temurin-21.0.7+6 (21.0.7+6) (build 21.0.7+6-LTS)
# Java VM: OpenJDK 64-Bit Server VM Temurin-21.0.7+6 (21.0.7+6-LTS, mixed mode, sharing, tiered, compressed oops, compressed class ptrs, parallel gc, windows-amd64)
GC Precious Log:
 CardTable entry size: 512
 CPUs: 12 total, 12 available
 Memory: 7521M
 Large Page Support: Disabled
 NUMA Support: Disabled
 Compressed Oops: Enabled (32-bit)
 Alignments: Space 512K, Generation 512K, Heap 2M
 Heap Min Capacity: 100M
 Heap Initial Capacity: 100M
 Heap Max Capacity: 1G
 Pre-touch: Disabled
 Parallel Workers: 10
Heap:
 PSYoungGen      total 3584K, used 492K [0x00000000eab00000, 0x00000000eaf80000, 0x0000000100000000)
  eden space 3072K, 0% used [0x00000000eab00000,0x00000000eab00000,0x00000000eae00000)
  from space 512K, 96% used [0x00000000eaf00000,0x00000000eaf7b010,0x00000000eaf80000)
  to   space 512K, 0% used [0x00000000eae80000,0x00000000eae80000,0x00000000eaf00000)
 ParOldGen       total 452096K, used 451778K [0x00000000c0000000, 0x00000000db980000, 0x00000000eab00000)
  object space 452096K, 99% used [0x00000000c0000000,0x00000000db9308d8,0x00000000db980000)
 Metaspace       used 68332K, committed 69888K, reserved 1114112K
  class space    used 7245K, committed 7936K, reserved 1048576K
GC Heap History (20 events):
Event: 36.355 GC heap after
{Heap after GC invocations=377 (full 3):
 PSYoungGen      total 3584K, used 512K [0x00000000eab00000, 0x00000000eb000000, 0x0000000100000000)
  eden space 3072K, 0% used [0x00000000eab00000,0x00000000eab00000,0x00000000eae00000)
  from space 512K, 100% used [0x00000000eaf80000,0x00000000eb000000,0x00000000eb000000)
  to   space 1024K, 0% used [0x00000000eae00000,0x00000000eae00000,0x00000000eaf00000)
 ParOldGen       total 447488K, used 447161K [0x00000000c0000000, 0x00000000db500000, 0x00000000eab00000)
  object space 447488K, 99% used [0x00000000c0000000,0x00000000db4ae6f8,0x00000000db500000)
 Metaspace       used 68332K, committed 69888K, reserved 1114112K
  class space    used 7245K, committed 7936K, reserved 1048576K
}
Event: 36.363 GC heap before
{Heap before GC invocations=378 (full 3):
 PSYoungGen      total 3584K, used 3584K [0x00000000eab00000, 0x00000000eb000000, 0x0000000100000000)
  eden space 3072K, 100% used [0x00000000eab00000,0x00000000eae00000,0x00000000eae00000)
  from space 512K, 100% used [0x00000000eaf80000,0x00000000eb000000,0x00000000eb000000)
  to   space 1024K, 0% used [0x00000000eae00000,0x00000000eae00000,0x00000000eaf00000)
 ParOldGen       total 447488K, used 447161K [0x00000000c0000000, 0x00000000db500000, 0x00000000eab00000)
  object space 447488K, 99% used [0x00000000c0000000,0x00000000db4ae6f8,0x00000000db500000)
 Metaspace       used 68332K, committed 69888K, reserved 1114112K
  class space    used 7245K, committed 7936K, reserved 1048576K
}
Event: 36.364 GC heap after
{Heap after GC invocations=378 (full 3):
 PSYoungGen      total 4096K, used 574K [0x00000000eab00000, 0x00000000eb000000, 0x0000000100000000)
  eden space 3072K, 0% used [0x00000000eab00000,0x00000000eab00000,0x00000000eae00000)
  from space 1024K, 56% used [0x00000000eae00000,0x00000000eae8f998,0x00000000eaf00000)
  to   space 1024K, 0% used [0x00000000eaf00000,0x00000000eaf00000,0x00000000eb000000)
 ParOldGen       total 448000K, used 447601K [0x00000000c0000000, 0x00000000db580000, 0x00000000eab00000)
  object space 448000K, 99% used [0x00000000c0000000,0x00000000db51c6f8,0x00000000db580000)
 Metaspace       used 68332K, committed 69888K, reserved 1114112K
  class space    used 7245K, committed 7936K, reserved 1048576K
}
Event: 36.371 GC heap before
{Heap before GC invocations=379 (full 3):
 PSYoungGen      total 4096K, used 3646K [0x00000000eab00000, 0x00000000eb000000, 0x0000000100000000)
  eden space 3072K, 100% used [0x00000000eab00000,0x00000000eae00000,0x00000000eae00000)
  from space 1024K, 56% used [0x00000000eae00000,0x00000000eae8f998,0x00000000eaf00000)
  to   space 1024K, 0% used [0x00000000eaf00000,0x00000000eaf00000,0x00000000eb000000)
 ParOldGen       total 448000K, used 447601K [0x00000000c0000000, 0x00000000db580000, 0x00000000eab00000)
  object space 448000K, 99% used [0x00000000c0000000,0x00000000db51c6f8,0x00000000db580000)
 Metaspace       used 68332K, committed 69888K, reserved 1114112K
  class space    used 7245K, committed 7936K, reserved 1048576K
}
Event: 36.372 GC heap after
{Heap after GC invocations=379 (full 3):
 PSYoungGen      total 2560K, used 1023K [0x00000000eab00000, 0x00000000eb300000, 0x0000000100000000)
  eden space 1536K, 0% used [0x00000000eab00000,0x00000000eab00000,0x00000000eac80000)
  from space 1024K, 99% used [0x00000000eaf00000,0x00000000eafffdd8,0x00000000eb000000)
  to   space 2560K, 0% used [0x00000000eac80000,0x00000000eac80000,0x00000000eaf00000)
 ParOldGen       total 449024K, used 448753K [0x00000000c0000000, 0x00000000db680000, 0x00000000eab00000)
  object space 449024K, 99% used [0x00000000c0000000,0x00000000db63c4d0,0x00000000db680000)
 Metaspace       used 68332K, committed 69888K, reserved 1114112K
  class space    used 7245K, committed 7936K, reserved 1048576K
}
Event: 36.376 GC heap before
{Heap before GC invocations=380 (full 3):
 PSYoungGen      total 2560K, used 2546K [0x00000000eab00000, 0x00000000eb300000, 0x0000000100000000)
  eden space 1536K, 99% used [0x00000000eab00000,0x00000000eac7cd20,0x00000000eac80000)
  from space 1024K, 99% used [0x00000000eaf00000,0x00000000eafffdd8,0x00000000eb000000)
  to   space 2560K, 0% used [0x00000000eac80000,0x00000000eac80000,0x00000000eaf00000)
 ParOldGen       total 449024K, used 448753K [0x00000000c0000000, 0x00000000db680000, 0x00000000eab00000)
  object space 449024K, 99% used [0x00000000c0000000,0x00000000db63c4d0,0x00000000db680000)
 Metaspace       used 68332K, committed 69888K, reserved 1114112K
  class space    used 7245K, committed 7936K, reserved 1048576K
}
Event: 36.378 GC heap after
{Heap after GC invocations=380 (full 3):
 PSYoungGen      total 2560K, used 544K [0x00000000eab00000, 0x00000000eaf80000, 0x0000000100000000)
  eden space 1536K, 0% used [0x00000000eab00000,0x00000000eab00000,0x00000000eac80000)
  from space 1024K, 53% used [0x00000000eac80000,0x00000000ead08000,0x00000000ead80000)
  to   space 1536K, 0% used [0x00000000eae00000,0x00000000eae00000,0x00000000eaf80000)
 ParOldGen       total 449536K, used 449472K [0x00000000c0000000, 0x00000000db700000, 0x00000000eab00000)
  object space 449536K, 99% used [0x00000000c0000000,0x00000000db6f00c0,0x00000000db700000)
 Metaspace       used 68332K, committed 69888K, reserved 1114112K
  class space    used 7245K, committed 7936K, reserved 1048576K
}
Event: 36.381 GC heap before
{Heap before GC invocations=381 (full 3):
 PSYoungGen      total 2560K, used 2080K [0x00000000eab00000, 0x00000000eaf80000, 0x0000000100000000)
  eden space 1536K, 100% used [0x00000000eab00000,0x00000000eac80000,0x00000000eac80000)
  from space 1024K, 53% used [0x00000000eac80000,0x00000000ead08000,0x00000000ead80000)
  to   space 1536K, 0% used [0x00000000eae00000,0x00000000eae00000,0x00000000eaf80000)
 ParOldGen       total 449536K, used 449472K [0x00000000c0000000, 0x00000000db700000, 0x00000000eab00000)
  object space 449536K, 99% used [0x00000000c0000000,0x00000000db6f00c0,0x00000000db700000)
 Metaspace       used 68332K, committed 69888K, reserved 1114112K
  class space    used 7245K, committed 7936K, reserved 1048576K
}
Event: 36.383 GC heap after
{Heap after GC invocations=381 (full 3):
 PSYoungGen      total 2048K, used 320K [0x00000000eab00000, 0x00000000eae80000, 0x0000000100000000)
  eden space 1536K, 0% used [0x00000000eab00000,0x00000000eab00000,0x00000000eac80000)
  from space 512K, 62% used [0x00000000eae00000,0x00000000eae50000,0x00000000eae80000)
  to   space 512K, 0% used [0x00000000ead80000,0x00000000ead80000,0x00000000eae00000)
 ParOldGen       total 450048K, used 449842K [0x00000000c0000000, 0x00000000db780000, 0x00000000eab00000)
  object space 450048K, 99% used [0x00000000c0000000,0x00000000db74c8d8,0x00000000db780000)
 Metaspace       used 68332K, committed 69888K, reserved 1114112K
  class space    used 7245K, committed 7936K, reserved 1048576K
}
Event: 36.386 GC heap before
{Heap before GC invocations=382 (full 3):
 PSYoungGen      total 2048K, used 1856K [0x00000000eab00000, 0x00000000eae80000, 0x0000000100000000)
  eden space 1536K, 100% used [0x00000000eab00000,0x00000000eac80000,0x00000000eac80000)
  from space 512K, 62% used [0x00000000eae00000,0x00000000eae50000,0x00000000eae80000)
  to   space 512K, 0% used [0x00000000ead80000,0x00000000ead80000,0x00000000eae00000)
 ParOldGen       total 450048K, used 449842K [0x00000000c0000000, 0x00000000db780000, 0x00000000eab00000)
  object space 450048K, 99% used [0x00000000c0000000,0x00000000db74c8d8,0x00000000db780000)
 Metaspace       used 68332K, committed 69888K, reserved 1114112K
  class space    used 7245K, committed 7936K, reserved 1048576K
}
Event: 36.387 GC heap after
{Heap after GC invocations=382 (full 3):
 PSYoungGen      total 2560K, used 320K [0x00000000eab00000, 0x00000000eae80000, 0x0000000100000000)
  eden space 2048K, 0% used [0x00000000eab00000,0x00000000eab00000,0x00000000ead00000)
  from space 512K, 62% used [0x00000000ead80000,0x00000000eadd0000,0x00000000eae00000)
  to   space 512K, 0% used [0x00000000eae00000,0x00000000eae00000,0x00000000eae80000)
 ParOldGen       total 450560K, used 450066K [0x00000000c0000000, 0x00000000db800000, 0x00000000eab00000)
  object space 450560K, 99% used [0x00000000c0000000,0x00000000db7848d8,0x00000000db800000)
 Metaspace       used 68332K, committed 69888K, reserved 1114112K
  class space    used 7245K, committed 7936K, reserved 1048576K
}
Event: 36.390 GC heap before
{Heap before GC invocations=383 (full 3):
 PSYoungGen      total 2560K, used 2365K [0x00000000eab00000, 0x00000000eae80000, 0x0000000100000000)
  eden space 2048K, 99% used [0x00000000eab00000,0x00000000eacff4c0,0x00000000ead00000)
  from space 512K, 62% used [0x00000000ead80000,0x00000000eadd0000,0x00000000eae00000)
  to   space 512K, 0% used [0x00000000eae00000,0x00000000eae00000,0x00000000eae80000)
 ParOldGen       total 450560K, used 450066K [0x00000000c0000000, 0x00000000db800000, 0x00000000eab00000)
  object space 450560K, 99% used [0x00000000c0000000,0x00000000db7848d8,0x00000000db800000)
 Metaspace       used 68332K, committed 69888K, reserved 1114112K
  class space    used 7245K, committed 7936K, reserved 1048576K
}
Event: 36.391 GC heap after
{Heap after GC invocations=383 (full 3):
 PSYoungGen      total 3072K, used 320K [0x00000000eab00000, 0x00000000eae80000, 0x0000000100000000)
  eden space 2560K, 0% used [0x00000000eab00000,0x00000000eab00000,0x00000000ead80000)
  from space 512K, 62% used [0x00000000eae00000,0x00000000eae50000,0x00000000eae80000)
  to   space 512K, 0% used [0x00000000ead80000,0x00000000ead80000,0x00000000eae00000)
 ParOldGen       total 450560K, used 450274K [0x00000000c0000000, 0x00000000db800000, 0x00000000eab00000)
  object space 450560K, 99% used [0x00000000c0000000,0x00000000db7b88d8,0x00000000db800000)
 Metaspace       used 68332K, committed 69888K, reserved 1114112K
  class space    used 7245K, committed 7936K, reserved 1048576K
}
Event: 36.398 GC heap before
{Heap before GC invocations=384 (full 3):
 PSYoungGen      total 3072K, used 2864K [0x00000000eab00000, 0x00000000eae80000, 0x0000000100000000)
  eden space 2560K, 99% used [0x00000000eab00000,0x00000000ead7c370,0x00000000ead80000)
  from space 512K, 62% used [0x00000000eae00000,0x00000000eae50000,0x00000000eae80000)
  to   space 512K, 0% used [0x00000000ead80000,0x00000000ead80000,0x00000000eae00000)
 ParOldGen       total 450560K, used 450274K [0x00000000c0000000, 0x00000000db800000, 0x00000000eab00000)
  object space 450560K, 99% used [0x00000000c0000000,0x00000000db7b88d8,0x00000000db800000)
 Metaspace       used 68332K, committed 69888K, reserved 1114112K
  class space    used 7245K, committed 7936K, reserved 1048576K
}
Event: 36.400 GC heap after
{Heap after GC invocations=384 (full 3):
 PSYoungGen      total 3072K, used 512K [0x00000000eab00000, 0x00000000eb000000, 0x0000000100000000)
  eden space 2560K, 0% used [0x00000000eab00000,0x00000000eab00000,0x00000000ead80000)
  from space 512K, 100% used [0x00000000ead80000,0x00000000eae00000,0x00000000eae00000)
  to   space 1024K, 0% used [0x00000000eaf00000,0x00000000eaf00000,0x00000000eb000000)
 ParOldGen       total 451072K, used 450594K [0x00000000c0000000, 0x00000000db880000, 0x00000000eab00000)
  object space 451072K, 99% used [0x00000000c0000000,0x00000000db8088d8,0x00000000db880000)
 Metaspace       used 68332K, committed 69888K, reserved 1114112K
  class space    used 7245K, committed 7936K, reserved 1048576K
}
Event: 36.407 GC heap before
{Heap before GC invocations=385 (full 3):
 PSYoungGen      total 3072K, used 3072K [0x00000000eab00000, 0x00000000eb000000, 0x0000000100000000)
  eden space 2560K, 100% used [0x00000000eab00000,0x00000000ead80000,0x00000000ead80000)
  from space 512K, 100% used [0x00000000ead80000,0x00000000eae00000,0x00000000eae00000)
  to   space 1024K, 0% used [0x00000000eaf00000,0x00000000eaf00000,0x00000000eb000000)
 ParOldGen       total 451072K, used 450594K [0x00000000c0000000, 0x00000000db880000, 0x00000000eab00000)
  object space 451072K, 99% used [0x00000000c0000000,0x00000000db8088d8,0x00000000db880000)
 Metaspace       used 68332K, committed 69888K, reserved 1114112K
  class space    used 7245K, committed 7936K, reserved 1048576K
}
Event: 36.409 GC heap after
{Heap after GC invocations=385 (full 3):
 PSYoungGen      total 3584K, used 384K [0x00000000eab00000, 0x00000000eaf80000, 0x0000000100000000)
  eden space 3072K, 0% used [0x00000000eab00000,0x00000000eab00000,0x00000000eae00000)
  from space 512K, 75% used [0x00000000eaf00000,0x00000000eaf60000,0x00000000eaf80000)
  to   space 512K, 0% used [0x00000000eae80000,0x00000000eae80000,0x00000000eaf00000)
 ParOldGen       total 451072K, used 451026K [0x00000000c0000000, 0x00000000db880000, 0x00000000eab00000)
  object space 451072K, 99% used [0x00000000c0000000,0x00000000db8748d8,0x00000000db880000)
 Metaspace       used 68332K, committed 69888K, reserved 1114112K
  class space    used 7245K, committed 7936K, reserved 1048576K
}
Event: 36.415 GC heap before
{Heap before GC invocations=386 (full 3):
 PSYoungGen      total 3584K, used 3456K [0x00000000eab00000, 0x00000000eaf80000, 0x0000000100000000)
  eden space 3072K, 100% used [0x00000000eab00000,0x00000000eae00000,0x00000000eae00000)
  from space 512K, 75% used [0x00000000eaf00000,0x00000000eaf60000,0x00000000eaf80000)
  to   space 512K, 0% used [0x00000000eae80000,0x00000000eae80000,0x00000000eaf00000)
 ParOldGen       total 451072K, used 451026K [0x00000000c0000000, 0x00000000db880000, 0x00000000eab00000)
  object space 451072K, 99% used [0x00000000c0000000,0x00000000db8748d8,0x00000000db880000)
 Metaspace       used 68332K, committed 69888K, reserved 1114112K
  class space    used 7245K, committed 7936K, reserved 1048576K
}
Event: 36.416 GC heap after
{Heap after GC invocations=386 (full 3):
 PSYoungGen      total 3584K, used 416K [0x00000000eab00000, 0x00000000eaf80000, 0x0000000100000000)
  eden space 3072K, 0% used [0x00000000eab00000,0x00000000eab00000,0x00000000eae00000)
  from space 512K, 81% used [0x00000000eae80000,0x00000000eaee8000,0x00000000eaf00000)
  to   space 512K, 0% used [0x00000000eaf00000,0x00000000eaf00000,0x00000000eaf80000)
 ParOldGen       total 451584K, used 451314K [0x00000000c0000000, 0x00000000db900000, 0x00000000eab00000)
  object space 451584K, 99% used [0x00000000c0000000,0x00000000db8bc8d8,0x00000000db900000)
 Metaspace       used 68332K, committed 69888K, reserved 1114112K
  class space    used 7245K, committed 7936K, reserved 1048576K
}
Event: 36.421 GC heap before
{Heap before GC invocations=387 (full 3):
 PSYoungGen      total 3584K, used 3488K [0x00000000eab00000, 0x00000000eaf80000, 0x0000000100000000)
  eden space 3072K, 100% used [0x00000000eab00000,0x00000000eae00000,0x00000000eae00000)
  from space 512K, 81% used [0x00000000eae80000,0x00000000eaee8000,0x00000000eaf00000)
  to   space 512K, 0% used [0x00000000eaf00000,0x00000000eaf00000,0x00000000eaf80000)
 ParOldGen       total 451584K, used 451314K [0x00000000c0000000, 0x00000000db900000, 0x00000000eab00000)
  object space 451584K, 99% used [0x00000000c0000000,0x00000000db8bc8d8,0x00000000db900000)
 Metaspace       used 68332K, committed 69888K, reserved 1114112K
  class space    used 7245K, committed 7936K, reserved 1048576K
}

